This file contains any messages produced by compilers while
running configure, to aid debugging if configure makes a mistake.

It was created by sipXcommserverLib configure 0.0.4.5.2, which was
generated by GNU Autoconf 2.66.  Invocation command line was

  $ /home/joegen/sipxecs/sipXcommserverLib/configure --disable-option-checking --prefix=/home/joegen/sipxecs-bin --no-create --no-recursion

## --------- ##
## Platform. ##
## --------- ##

hostname = sipx-fedora-14.sipxdevel.local
uname -m = i686
uname -r = 2.6.35.10-74.fc14.i686
uname -s = Linux
uname -v = #1 SMP Thu Dec 23 16:17:40 UTC 2010

/usr/bin/uname -p = unknown
/bin/uname -X     = unknown

/bin/arch              = i686
/usr/bin/arch -k       = unknown
/usr/convex/getsysinfo = unknown
/usr/bin/hostinfo      = unknown
/bin/machine           = unknown
/usr/bin/oslevel       = unknown
/bin/universe          = unknown

PATH: /usr/local/bin
PATH: /usr/bin
PATH: /bin
PATH: /usr/local/sbin
PATH: /usr/sbin
PATH: /sbin
PATH: /home/joegen/bin


## ----------- ##
## Core tests. ##
## ----------- ##

configure:2723: checking for a BSD-compatible install
configure:2791: result: /usr/bin/install -c
configure:2802: checking whether build environment is sane
configure:2852: result: yes
configure:2993: checking for a thread-safe mkdir -p
configure:3032: result: /bin/mkdir -p
configure:3045: checking for gawk
configure:3061: found /usr/bin/gawk
configure:3072: result: gawk
configure:3083: checking whether make sets $(MAKE)
configure:3105: result: yes
configure:3180: checking how to create a ustar tar archive
configure:3193: tar --version
tar (GNU tar) 1.23
Copyright (C) 2010 Free Software Foundation, Inc.
License GPLv3+: GNU GPL version 3 or later <http://gnu.org/licenses/gpl.html>.
This is free software: you are free to change and redistribute it.
There is NO WARRANTY, to the extent permitted by law.

Written by John Gilmore and Jay Fenlason.
configure:3196: $? = 0
configure:3236: tardir=conftest.dir && eval tar --format=ustar -chf - "$tardir" >conftest.tar
configure:3239: $? = 0
configure:3243: tar -xf - <conftest.tar
configure:3246: $? = 0
configure:3259: result: gnutar
configure:3267: checking for automake version >= 1.6
configure:3300: result: 1.11.1 is ok
configure:3338: checking build system type
configure:3352: result: i686-pc-linux-gnu
configure:3372: checking host system type
configure:3385: result: i686-pc-linux-gnu
configure:3426: checking how to print strings
configure:3453: result: printf
configure:3486: checking for style of include used by make
configure:3514: result: GNU
configure:3584: checking for gcc
configure:3600: found /usr/bin/gcc
configure:3611: result: gcc
configure:3840: checking for C compiler version
configure:3849: gcc --version >&5
gcc (GCC) 4.5.1 20100924 (Red Hat 4.5.1-4)
Copyright (C) 2010 Free Software Foundation, Inc.
This is free software; see the source for copying conditions.  There is NO
warranty; not even for MERCHANTABILITY or FITNESS FOR A PARTICULAR PURPOSE.

configure:3860: $? = 0
configure:3849: gcc -v >&5
Using built-in specs.
COLLECT_GCC=gcc
COLLECT_LTO_WRAPPER=/usr/libexec/gcc/i686-redhat-linux/4.5.1/lto-wrapper
Target: i686-redhat-linux
Configured with: ../configure --prefix=/usr --mandir=/usr/share/man --infodir=/usr/share/info --with-bugurl=http://bugzilla.redhat.com/bugzilla --enable-bootstrap --enable-shared --enable-threads=posix --enable-checking=release --with-system-zlib --enable-__cxa_atexit --disable-libunwind-exceptions --enable-gnu-unique-object --enable-linker-build-id --enable-languages=c,c++,objc,obj-c++,java,fortran,ada,lto --enable-plugin --enable-java-awt=gtk --disable-dssi --with-java-home=/usr/lib/jvm/java-1.5.0-gcj-1.5.0.0/jre --enable-libgcj-multifile --enable-java-maintainer-mode --with-ecj-jar=/usr/share/java/eclipse-ecj.jar --disable-libjava-multilib --with-ppl --with-cloog --with-tune=generic --with-arch=i686 --build=i686-redhat-linux
Thread model: posix
gcc version 4.5.1 20100924 (Red Hat 4.5.1-4) (GCC) 
configure:3860: $? = 0
configure:3849: gcc -V >&5
gcc: '-V' option must have argument
configure:3860: $? = 1
configure:3849: gcc -qversion >&5
gcc: unrecognized option '-qversion'
gcc: no input files
configure:3860: $? = 1
configure:3880: checking whether the C compiler works
configure:3902: gcc    conftest.c  >&5
configure:3906: $? = 0
configure:3954: result: yes
configure:3957: checking for C compiler default output file name
configure:3959: result: a.out
configure:3965: checking for suffix of executables
configure:3972: gcc -o conftest    conftest.c  >&5
configure:3976: $? = 0
configure:3998: result: 
configure:4020: checking whether we are cross compiling
configure:4028: gcc -o conftest    conftest.c  >&5
configure:4032: $? = 0
configure:4039: ./conftest
configure:4043: $? = 0
configure:4058: result: no
configure:4063: checking for suffix of object files
configure:4085: gcc -c   conftest.c >&5
configure:4089: $? = 0
configure:4110: result: o
configure:4114: checking whether we are using the GNU C compiler
configure:4133: gcc -c   conftest.c >&5
configure:4133: $? = 0
configure:4142: result: yes
configure:4151: checking whether gcc accepts -g
configure:4171: gcc -c -g  conftest.c >&5
configure:4171: $? = 0
configure:4212: result: yes
configure:4229: checking for gcc option to accept ISO C89
configure:4293: gcc  -c -g -O2  conftest.c >&5
configure:4293: $? = 0
configure:4306: result: none needed
configure:4328: checking dependency style of gcc
configure:4438: result: gcc3
configure:4453: checking for a sed that does not truncate output
configure:4517: result: /bin/sed
configure:4535: checking for grep that handles long lines and -e
configure:4593: result: /bin/grep
configure:4598: checking for egrep
configure:4660: result: /bin/grep -E
configure:4665: checking for fgrep
configure:4727: result: /bin/grep -F
configure:4762: checking for ld used by gcc
configure:4829: result: /usr/bin/ld
configure:4836: checking if the linker (/usr/bin/ld) is GNU ld
configure:4851: result: yes
configure:4863: checking for BSD- or MS-compatible name lister (nm)
configure:4912: result: /usr/bin/nm -B
configure:5042: checking the name lister (/usr/bin/nm -B) interface
configure:5049: gcc -c -g -O2  conftest.c >&5
configure:5052: /usr/bin/nm -B "conftest.o"
configure:5055: output
00000000 B some_variable
configure:5062: result: BSD nm
configure:5065: checking whether ln -s works
configure:5069: result: yes
configure:5077: checking the maximum length of command line arguments
configure:5202: result: 1572864
configure:5219: checking whether the shell understands some XSI constructs
configure:5229: result: yes
configure:5233: checking whether the shell understands "+="
configure:5239: result: yes
configure:5274: checking for /usr/bin/ld option to reload object files
configure:5281: result: -r
configure:5350: checking for objdump
configure:5366: found /usr/bin/objdump
configure:5377: result: objdump
configure:5409: checking how to recognize dependent libraries
configure:5611: result: pass_all
configure:5671: checking for ar
configure:5687: found /usr/bin/ar
configure:5698: result: ar
configure:5776: checking for strip
configure:5792: found /usr/bin/strip
configure:5803: result: strip
configure:5875: checking for ranlib
configure:5891: found /usr/bin/ranlib
configure:5902: result: ranlib
configure:6004: checking command to parse /usr/bin/nm -B output from gcc object
configure:6122: gcc -c -g -O2  conftest.c >&5
configure:6125: $? = 0
configure:6129: /usr/bin/nm -B conftest.o \| sed -n -e 's/^.*[ ]\([ABCDGIRSTW][ABCDGIRSTW]*\)[ ][ ]*\([_A-Za-z][_A-Za-z0-9]*\)$/\1 \2 \2/p' \> conftest.nm
configure:6132: $? = 0
configure:6186: gcc -o conftest -g -O2   conftest.c conftstm.o >&5
configure:6189: $? = 0
configure:6227: result: ok
configure:7068: checking how to run the C preprocessor
configure:7099: gcc -E  conftest.c
configure:7099: $? = 0
configure:7113: gcc -E  conftest.c
conftest.c:11:28: fatal error: ac_nonexistent.h: No such file or directory
compilation terminated.
configure:7113: $? = 1
configure: failed program was:
| /* confdefs.h */
| #define PACKAGE_NAME "sipXcommserverLib"
| #define PACKAGE_TARNAME "sipxcommserverlib"
| #define PACKAGE_VERSION "0.0.4.5.2"
| #define PACKAGE_STRING "sipXcommserverLib 0.0.4.5.2"
| #define PACKAGE_BUGREPORT "sipx-dev@list.sipfoundry.org"
| #define PACKAGE_URL ""
| #define PACKAGE "sipxcommserverlib"
| #define VERSION "0.0.4.5.2"
| /* end confdefs.h.  */
| #include <ac_nonexistent.h>
configure:7138: result: gcc -E
configure:7158: gcc -E  conftest.c
configure:7158: $? = 0
configure:7172: gcc -E  conftest.c
conftest.c:11:28: fatal error: ac_nonexistent.h: No such file or directory
compilation terminated.
configure:7172: $? = 1
configure: failed program was:
| /* confdefs.h */
| #define PACKAGE_NAME "sipXcommserverLib"
| #define PACKAGE_TARNAME "sipxcommserverlib"
| #define PACKAGE_VERSION "0.0.4.5.2"
| #define PACKAGE_STRING "sipXcommserverLib 0.0.4.5.2"
| #define PACKAGE_BUGREPORT "sipx-dev@list.sipfoundry.org"
| #define PACKAGE_URL ""
| #define PACKAGE "sipxcommserverlib"
| #define VERSION "0.0.4.5.2"
| /* end confdefs.h.  */
| #include <ac_nonexistent.h>
configure:7201: checking for ANSI C header files
configure:7221: gcc -c -g -O2  conftest.c >&5
configure:7221: $? = 0
configure:7294: gcc -o conftest -g -O2   conftest.c  >&5
configure:7294: $? = 0
configure:7294: ./conftest
configure:7294: $? = 0
configure:7305: result: yes
configure:7318: checking for sys/types.h
configure:7318: gcc -c -g -O2  conftest.c >&5
configure:7318: $? = 0
configure:7318: result: yes
configure:7318: checking for sys/stat.h
configure:7318: gcc -c -g -O2  conftest.c >&5
configure:7318: $? = 0
configure:7318: result: yes
configure:7318: checking for stdlib.h
configure:7318: gcc -c -g -O2  conftest.c >&5
configure:7318: $? = 0
configure:7318: result: yes
configure:7318: checking for string.h
configure:7318: gcc -c -g -O2  conftest.c >&5
configure:7318: $? = 0
configure:7318: result: yes
configure:7318: checking for memory.h
configure:7318: gcc -c -g -O2  conftest.c >&5
configure:7318: $? = 0
configure:7318: result: yes
configure:7318: checking for strings.h
configure:7318: gcc -c -g -O2  conftest.c >&5
configure:7318: $? = 0
configure:7318: result: yes
configure:7318: checking for inttypes.h
configure:7318: gcc -c -g -O2  conftest.c >&5
configure:7318: $? = 0
configure:7318: result: yes
configure:7318: checking for stdint.h
configure:7318: gcc -c -g -O2  conftest.c >&5
configure:7318: $? = 0
configure:7318: result: yes
configure:7318: checking for unistd.h
configure:7318: gcc -c -g -O2  conftest.c >&5
configure:7318: $? = 0
configure:7318: result: yes
configure:7332: checking for dlfcn.h
configure:7332: gcc -c -g -O2  conftest.c >&5
configure:7332: $? = 0
configure:7332: result: yes
configure:7519: checking for objdir
configure:7534: result: .libs
configure:7801: checking if gcc supports -fno-rtti -fno-exceptions
configure:7819: gcc -c -g -O2  -fno-rtti -fno-exceptions conftest.c >&5
cc1: warning: command line option "-fno-rtti" is valid for C++/ObjC++ but not for C
configure:7823: $? = 0
configure:7836: result: no
configure:7856: checking for gcc option to produce PIC
configure:8141: result: -fPIC -DPIC
configure:8153: checking if gcc PIC flag -fPIC -DPIC works
configure:8171: gcc -c -g -O2  -fPIC -DPIC -DPIC conftest.c >&5
configure:8175: $? = 0
configure:8188: result: yes
configure:8212: checking if gcc static flag -static works
configure:8240: result: no
configure:8255: checking if gcc supports -c -o file.o
configure:8276: gcc -c -g -O2  -o out/conftest2.o conftest.c >&5
configure:8280: $? = 0
configure:8302: result: yes
configure:8310: checking if gcc supports -c -o file.o
configure:8357: result: yes
configure:8390: checking whether the gcc linker (/usr/bin/ld) supports shared libraries
configure:9465: result: yes
configure:9502: checking whether -lc should be explicitly linked in
configure:9510: gcc -c -g -O2  conftest.c >&5
configure:9513: $? = 0
configure:9528: gcc -shared conftest.o  -v -Wl,-soname -Wl,conftest -o conftest 2\>\&1 \| /bin/grep  -lc  \>/dev/null 2\>\&1
configure:9531: $? = 0
configure:9545: result: no
configure:9710: checking dynamic linker characteristics
configure:10165: gcc -o conftest -g -O2   -Wl,-rpath -Wl,/foo conftest.c  >&5
configure:10165: $? = 0
configure:10391: result: GNU/Linux ld.so
configure:10498: checking how to hardcode library paths into programs
configure:10523: result: immediate
configure:11063: checking whether stripping libraries is possible
configure:11068: result: yes
configure:11103: checking if libtool supports shared libraries
configure:11105: result: yes
configure:11108: checking whether to build shared libraries
configure:11129: result: yes
configure:11132: checking whether to build static libraries
configure:11136: result: yes
configure:11229: checking for g++
configure:11245: found /usr/bin/g++
configure:11256: result: g++
configure:11283: checking for C++ compiler version
configure:11292: g++ --version >&5
g++ (GCC) 4.5.1 20100924 (Red Hat 4.5.1-4)
Copyright (C) 2010 Free Software Foundation, Inc.
This is free software; see the source for copying conditions.  There is NO
warranty; not even for MERCHANTABILITY or FITNESS FOR A PARTICULAR PURPOSE.

configure:11303: $? = 0
configure:11292: g++ -v >&5
Using built-in specs.
COLLECT_GCC=g++
COLLECT_LTO_WRAPPER=/usr/libexec/gcc/i686-redhat-linux/4.5.1/lto-wrapper
Target: i686-redhat-linux
Configured with: ../configure --prefix=/usr --mandir=/usr/share/man --infodir=/usr/share/info --with-bugurl=http://bugzilla.redhat.com/bugzilla --enable-bootstrap --enable-shared --enable-threads=posix --enable-checking=release --with-system-zlib --enable-__cxa_atexit --disable-libunwind-exceptions --enable-gnu-unique-object --enable-linker-build-id --enable-languages=c,c++,objc,obj-c++,java,fortran,ada,lto --enable-plugin --enable-java-awt=gtk --disable-dssi --with-java-home=/usr/lib/jvm/java-1.5.0-gcj-1.5.0.0/jre --enable-libgcj-multifile --enable-java-maintainer-mode --with-ecj-jar=/usr/share/java/eclipse-ecj.jar --disable-libjava-multilib --with-ppl --with-cloog --with-tune=generic --with-arch=i686 --build=i686-redhat-linux
Thread model: posix
gcc version 4.5.1 20100924 (Red Hat 4.5.1-4) (GCC) 
configure:11303: $? = 0
configure:11292: g++ -V >&5
g++: '-V' option must have argument
configure:11303: $? = 1
configure:11292: g++ -qversion >&5
g++: unrecognized option '-qversion'
g++: no input files
configure:11303: $? = 1
configure:11307: checking whether we are using the GNU C++ compiler
configure:11326: g++ -c   conftest.cpp >&5
configure:11326: $? = 0
configure:11335: result: yes
configure:11344: checking whether g++ accepts -g
configure:11364: g++ -c -g  conftest.cpp >&5
configure:11364: $? = 0
configure:11405: result: yes
configure:11430: checking dependency style of g++
configure:11540: result: gcc3
configure:11563: checking how to run the C++ preprocessor
configure:11590: g++ -E  conftest.cpp
configure:11590: $? = 0
configure:11604: g++ -E  conftest.cpp
conftest.cpp:23:28: fatal error: ac_nonexistent.h: No such file or directory
compilation terminated.
configure:11604: $? = 1
configure: failed program was:
| /* confdefs.h */
| #define PACKAGE_NAME "sipXcommserverLib"
| #define PACKAGE_TARNAME "sipxcommserverlib"
| #define PACKAGE_VERSION "0.0.4.5.2"
| #define PACKAGE_STRING "sipXcommserverLib 0.0.4.5.2"
| #define PACKAGE_BUGREPORT "sipx-dev@list.sipfoundry.org"
| #define PACKAGE_URL ""
| #define PACKAGE "sipxcommserverlib"
| #define VERSION "0.0.4.5.2"
| #define STDC_HEADERS 1
| #define HAVE_SYS_TYPES_H 1
| #define HAVE_SYS_STAT_H 1
| #define HAVE_STDLIB_H 1
| #define HAVE_STRING_H 1
| #define HAVE_MEMORY_H 1
| #define HAVE_STRINGS_H 1
| #define HAVE_INTTYPES_H 1
| #define HAVE_STDINT_H 1
| #define HAVE_UNISTD_H 1
| #define HAVE_DLFCN_H 1
| #define LT_OBJDIR ".libs/"
| /* end confdefs.h.  */
| #include <ac_nonexistent.h>
configure:11629: result: g++ -E
configure:11649: g++ -E  conftest.cpp
configure:11649: $? = 0
configure:11663: g++ -E  conftest.cpp
conftest.cpp:23:28: fatal error: ac_nonexistent.h: No such file or directory
compilation terminated.
configure:11663: $? = 1
configure: failed program was:
| /* confdefs.h */
| #define PACKAGE_NAME "sipXcommserverLib"
| #define PACKAGE_TARNAME "sipxcommserverlib"
| #define PACKAGE_VERSION "0.0.4.5.2"
| #define PACKAGE_STRING "sipXcommserverLib 0.0.4.5.2"
| #define PACKAGE_BUGREPORT "sipx-dev@list.sipfoundry.org"
| #define PACKAGE_URL ""
| #define PACKAGE "sipxcommserverlib"
| #define VERSION "0.0.4.5.2"
| #define STDC_HEADERS 1
| #define HAVE_SYS_TYPES_H 1
| #define HAVE_SYS_STAT_H 1
| #define HAVE_STDLIB_H 1
| #define HAVE_STRING_H 1
| #define HAVE_MEMORY_H 1
| #define HAVE_STRINGS_H 1
| #define HAVE_INTTYPES_H 1
| #define HAVE_STDINT_H 1
| #define HAVE_UNISTD_H 1
| #define HAVE_DLFCN_H 1
| #define LT_OBJDIR ".libs/"
| /* end confdefs.h.  */
| #include <ac_nonexistent.h>
configure:11831: checking for ld used by g++
configure:11898: result: /usr/bin/ld
configure:11905: checking if the linker (/usr/bin/ld) is GNU ld
configure:11920: result: yes
configure:11975: checking whether the g++ linker (/usr/bin/ld) supports shared libraries
configure:12907: result: yes
configure:12935: g++ -c -g -O2  conftest.cpp >&5
configure:12938: $? = 0
configure:13120: checking for g++ option to produce PIC
configure:13442: result: -fPIC -DPIC
configure:13451: checking if g++ PIC flag -fPIC -DPIC works
configure:13469: g++ -c -g -O2  -fPIC -DPIC -DPIC conftest.cpp >&5
configure:13473: $? = 0
configure:13486: result: yes
configure:13507: checking if g++ static flag -static works
configure:13535: result: no
configure:13547: checking if g++ supports -c -o file.o
configure:13568: g++ -c -g -O2  -o out/conftest2.o conftest.cpp >&5
configure:13572: $? = 0
configure:13594: result: yes
configure:13599: checking if g++ supports -c -o file.o
configure:13646: result: yes
configure:13676: checking whether the g++ linker (/usr/bin/ld) supports shared libraries
configure:13704: result: yes
configure:13847: checking dynamic linker characteristics
configure:14462: result: GNU/Linux ld.so
configure:14515: checking how to hardcode library paths into programs
configure:14540: result: immediate
configure:14580: checking for C compiler vendor
configure:14604: gcc -c -g -O2  conftest.c >&5
conftest.c: In function 'main':
conftest.c:29:7: error: 'thisisanerror' undeclared (first use in this function)
conftest.c:29:7: note: each undeclared identifier is reported only once for each function it appears in
configure:14604: $? = 1
configure: failed program was:
| /* confdefs.h */
| #define PACKAGE_NAME "sipXcommserverLib"
| #define PACKAGE_TARNAME "sipxcommserverlib"
| #define PACKAGE_VERSION "0.0.4.5.2"
| #define PACKAGE_STRING "sipXcommserverLib 0.0.4.5.2"
| #define PACKAGE_BUGREPORT "sipx-dev@list.sipfoundry.org"
| #define PACKAGE_URL ""
| #define PACKAGE "sipxcommserverlib"
| #define VERSION "0.0.4.5.2"
| #define STDC_HEADERS 1
| #define HAVE_SYS_TYPES_H 1
| #define HAVE_SYS_STAT_H 1
| #define HAVE_STDLIB_H 1
| #define HAVE_STRING_H 1
| #define HAVE_MEMORY_H 1
| #define HAVE_STRINGS_H 1
| #define HAVE_INTTYPES_H 1
| #define HAVE_STDINT_H 1
| #define HAVE_UNISTD_H 1
| #define HAVE_DLFCN_H 1
| #define LT_OBJDIR ".libs/"
| /* end confdefs.h.  */
| 
| int
| main ()
| {
| 
| #if !(defined(__ICC) || defined(__ECC) || defined(__INTEL_COMPILER))
|       thisisanerror;
| #endif
| 
|   ;
|   return 0;
| }
configure:14604: gcc -c -g -O2  conftest.c >&5
conftest.c: In function 'main':
conftest.c:29:7: error: 'thisisanerror' undeclared (first use in this function)
conftest.c:29:7: note: each undeclared identifier is reported only once for each function it appears in
configure:14604: $? = 1
configure: failed program was:
| /* confdefs.h */
| #define PACKAGE_NAME "sipXcommserverLib"
| #define PACKAGE_TARNAME "sipxcommserverlib"
| #define PACKAGE_VERSION "0.0.4.5.2"
| #define PACKAGE_STRING "sipXcommserverLib 0.0.4.5.2"
| #define PACKAGE_BUGREPORT "sipx-dev@list.sipfoundry.org"
| #define PACKAGE_URL ""
| #define PACKAGE "sipxcommserverlib"
| #define VERSION "0.0.4.5.2"
| #define STDC_HEADERS 1
| #define HAVE_SYS_TYPES_H 1
| #define HAVE_SYS_STAT_H 1
| #define HAVE_STDLIB_H 1
| #define HAVE_STRING_H 1
| #define HAVE_MEMORY_H 1
| #define HAVE_STRINGS_H 1
| #define HAVE_INTTYPES_H 1
| #define HAVE_STDINT_H 1
| #define HAVE_UNISTD_H 1
| #define HAVE_DLFCN_H 1
| #define LT_OBJDIR ".libs/"
| /* end confdefs.h.  */
| 
| int
| main ()
| {
| 
| #if !(defined(__xlc__) || defined(__xlC__) || defined(__IBMC__) || defined(__IBMCPP__))
|       thisisanerror;
| #endif
| 
|   ;
|   return 0;
| }
configure:14604: gcc -c -g -O2  conftest.c >&5
configure:14604: $? = 0
configure:14611: result: gnu
configure:14616: checking for bash
configure:14646: result: /bin/sh
configure:14656: checking for perl
configure:14674: found /usr/bin/perl
configure:14686: result: /usr/bin/perl
configure:14696: checking for openssl
configure:14714: found /usr/bin/openssl
configure:14726: result: /usr/bin/openssl
configure:14736: checking for cp
configure:14754: found /bin/cp
configure:14767: result: /bin/cp
configure:14777: checking for mv
configure:14795: found /bin/mv
configure:14808: result: /bin/mv
configure:14817: checking for xargs replace option
configure:14824: result: -I
configure:14839: checking for date conversion command arguments
configure:14849: result: --date=
configure:14867: checking for Apache2 httpd
configure:14898: result: /usr/sbin/httpd
configure:14913: result: apache2_version=2.2.17 (Unix)
configure:14915: checking which apache host access module to use
configure:14932: result: authz_host_module = mod_authz_host.so
configure:14940: checking for apache2 modules directory
configure:14977: result: /etc/httpd/modules
configure:15026: checking for cppunit-config
configure:15044: found /usr/bin/cppunit-config
configure:15057: result: /usr/bin/cppunit-config
configure:15067: checking for Cppunit - version >= 1.9
configure:15113: result: 1.12.1
configure:15136: checking for xerces
configure:15169: result: 
configure:15182: checking for unixODBC
configure:15286: result: unixODBC 2.2.14 is ok
configure:15292: result:     odbc includes found in /usr/include
configure:15294: result:     odbc libraries found in /usr/lib
configure:15308: ODBC_LIBDIR = /usr/lib
configure:15462: checking how to treat compilation warnings
configure:15471: result: normal mode - allow warnings
configure:15500: checking for pcre
configure:15601: result: 8.10 is ok
configure:15607: result:     pcre includes found in /usr/include
configure:15609: result:     pcre libraries found in /usr/lib
configure:15638: checking for openssl
configure:15668: result: /usr/bin/openssl
configure:15676: checking for openssl includes
configure:15696: result: /usr/include
configure:15708: checking for openssl libraries
configure:15739: result: /usr/lib
configure:15753: checking for extra kerberos includes
configure:15758: result: /usr/include/krb5.h
configure:15797: checking for sipXportLib includes
configure:15827: result: /home/joegen/sipxecs-bin/include
configure:15851: checking for sipXportLib includes
configure:15881: result: /home/joegen/sipxecs-bin/include
configure:15905: checking for sipXportLib libraries
configure:15933: result: /home/joegen/sipxecs-bin/lib
configure:15954: checking for sipXportLib libraries
configure:15982: result: /home/joegen/sipxecs-bin/lib
configure:16006: checking for sipXtackLib includes
configure:16036: result: /home/joegen/sipxecs-bin/include
configure:16061: checking for sipXtackLib libraries
configure:16089: result: /home/joegen/sipxecs-bin/lib
configure:16110: checking support for SIP over TLS
configure:16112: result: yes
configure:16153: POSTGRESQL_USER = postgres
configure:16155: POSTGRESQL_INCLUDE = 
configure:16291: creating ./config.status

## ---------------- ##
## Cache variables. ##
## ---------------- ##

ac_cv_build=i686-pc-linux-gnu
ac_cv_c_compiler_gnu=yes
ac_cv_cxx_compiler_gnu=yes
ac_cv_env_CCC_set=
ac_cv_env_CCC_value=
ac_cv_env_CC_set=
ac_cv_env_CC_value=
ac_cv_env_CFLAGS_set=
ac_cv_env_CFLAGS_value=
ac_cv_env_CPPFLAGS_set=
ac_cv_env_CPPFLAGS_value=
ac_cv_env_CPP_set=
ac_cv_env_CPP_value=
ac_cv_env_CXXCPP_set=
ac_cv_env_CXXCPP_value=
ac_cv_env_CXXFLAGS_set=
ac_cv_env_CXXFLAGS_value=
ac_cv_env_CXX_set=
ac_cv_env_CXX_value=
ac_cv_env_LDFLAGS_set=
ac_cv_env_LDFLAGS_value=
ac_cv_env_LIBS_set=
ac_cv_env_LIBS_value=
ac_cv_env_OPENFIRE_HOME_set=
ac_cv_env_OPENFIRE_HOME_value=
ac_cv_env_SIPXECS_NAME_set=
ac_cv_env_SIPXECS_NAME_value=
ac_cv_env_SIPXPBXGROUP_set=
ac_cv_env_SIPXPBXGROUP_value=
ac_cv_env_SIPXPBXUSER_set=
ac_cv_env_SIPXPBXUSER_value=
ac_cv_env_USE_IBM_JVM_set=
ac_cv_env_USE_IBM_JVM_value=
ac_cv_env_build_alias_set=
ac_cv_env_build_alias_value=
ac_cv_env_host_alias_set=
ac_cv_env_host_alias_value=
ac_cv_env_target_alias_set=
ac_cv_env_target_alias_value=
ac_cv_env_wwwdir_set=
ac_cv_env_wwwdir_value=
ac_cv_header_dlfcn_h=yes
ac_cv_header_inttypes_h=yes
ac_cv_header_memory_h=yes
ac_cv_header_stdc=yes
ac_cv_header_stdint_h=yes
ac_cv_header_stdlib_h=yes
ac_cv_header_string_h=yes
ac_cv_header_strings_h=yes
ac_cv_header_sys_stat_h=yes
ac_cv_header_sys_types_h=yes
ac_cv_header_unistd_h=yes
ac_cv_host=i686-pc-linux-gnu
ac_cv_objext=o
ac_cv_path_BASH=/bin/sh
ac_cv_path_CPPUNIT_CONFIG=/usr/bin/cppunit-config
ac_cv_path_CP_BINARY=/bin/cp
ac_cv_path_EGREP='/bin/grep -E'
ac_cv_path_FGREP='/bin/grep -F'
ac_cv_path_GREP=/bin/grep
ac_cv_path_MV_BINARY=/bin/mv
ac_cv_path_OPENSSL=/usr/bin/openssl
ac_cv_path_PERL=/usr/bin/perl
ac_cv_path_SED=/bin/sed
ac_cv_path_install='/usr/bin/install -c'
ac_cv_path_mkdir=/bin/mkdir
ac_cv_prog_AWK=gawk
ac_cv_prog_CPP='gcc -E'
ac_cv_prog_CXXCPP='g++ -E'
ac_cv_prog_ac_ct_AR=ar
ac_cv_prog_ac_ct_CC=gcc
ac_cv_prog_ac_ct_CXX=g++
ac_cv_prog_ac_ct_OBJDUMP=objdump
ac_cv_prog_ac_ct_RANLIB=ranlib
ac_cv_prog_ac_ct_STRIP=strip
ac_cv_prog_cc_c89=
ac_cv_prog_cc_g=yes
ac_cv_prog_cxx_g=yes
ac_cv_prog_make_make_set=yes
am_cv_CC_dependencies_compiler_type=gcc3
am_cv_CXX_dependencies_compiler_type=gcc3
am_cv_prog_tar_ustar=gnutar
ax_cv_c_compiler_vendor=gnu
lt_cv_archive_cmds_need_lc=no
lt_cv_deplibs_check_method=pass_all
lt_cv_file_magic_cmd='$MAGIC_CMD'
lt_cv_file_magic_test_file=
lt_cv_ld_reload_flag=-r
lt_cv_nm_interface='BSD nm'
lt_cv_objdir=.libs
lt_cv_path_LD=/usr/bin/ld
lt_cv_path_LDCXX=/usr/bin/ld
lt_cv_path_NM='/usr/bin/nm -B'
lt_cv_prog_compiler_c_o=yes
lt_cv_prog_compiler_c_o_CXX=yes
lt_cv_prog_compiler_pic_works=yes
lt_cv_prog_compiler_pic_works_CXX=yes
lt_cv_prog_compiler_rtti_exceptions=no
lt_cv_prog_compiler_static_works=no
lt_cv_prog_compiler_static_works_CXX=no
lt_cv_prog_gnu_ld=yes
lt_cv_prog_gnu_ldcxx=yes
lt_cv_shlibpath_overrides_runpath=no
lt_cv_sys_global_symbol_pipe='sed -n -e '\''s/^.*[	 ]\([ABCDGIRSTW][ABCDGIRSTW]*\)[	 ][	 ]*\([_A-Za-z][_A-Za-z0-9]*\)$/\1 \2 \2/p'\'''
lt_cv_sys_global_symbol_to_c_name_address='sed -n -e '\''s/^: \([^ ]*\) $/  {\"\1\", (void *) 0},/p'\'' -e '\''s/^[ABCDGIRSTW]* \([^ ]*\) \([^ ]*\)$/  {"\2", (void *) \&\2},/p'\'''
lt_cv_sys_global_symbol_to_c_name_address_lib_prefix='sed -n -e '\''s/^: \([^ ]*\) $/  {\"\1\", (void *) 0},/p'\'' -e '\''s/^[ABCDGIRSTW]* \([^ ]*\) \(lib[^ ]*\)$/  {"\2", (void *) \&\2},/p'\'' -e '\''s/^[ABCDGIRSTW]* \([^ ]*\) \([^ ]*\)$/  {"lib\2", (void *) \&\2},/p'\'''
lt_cv_sys_global_symbol_to_cdecl='sed -n -e '\''s/^T .* \(.*\)$/extern int \1();/p'\'' -e '\''s/^[ABCDGIRSTW]* .* \(.*\)$/extern char \1;/p'\'''
lt_cv_sys_max_cmd_len=1572864

## ----------------- ##
## Output variables. ##
## ----------------- ##

ACLOCAL='${SHELL} /home/joegen/sipxecs/sipXcommserverLib/config/missing --run aclocal-1.11'
AMDEPBACKSLASH='\'
AMDEP_FALSE='#'
AMDEP_TRUE=''
AMTAR='${SHELL} /home/joegen/sipxecs/sipXcommserverLib/config/missing --run tar'
APACHE2_HOST_ACCESS='authz_host_module'
APACHE2_HTTPD='/usr/sbin/httpd'
APACHE2_MOD='/etc/httpd/modules'
APACHE2_MOD_ACCESS='mod_authz_host.so'
APACHE2_VERSION='2.2.17 (Unix)'
AR='ar'
AUTOCONF='${SHELL} /home/joegen/sipxecs/sipXcommserverLib/config/missing --run autoconf'
AUTOHEADER='${SHELL} /home/joegen/sipxecs/sipXcommserverLib/config/missing --run autoheader'
AUTOMAKE='${SHELL} /home/joegen/sipxecs/sipXcommserverLib/config/missing --run automake-1.11'
AWK='gawk'
BASH='/bin/sh'
CC='gcc'
CCDEPMODE='depmode=gcc3'
CFLAGS='-DSIP_TLS -I/home/joegen/sipxecs-bin/include -I/home/joegen/sipxecs-bin/include -I/usr/include -I/home/joegen/sipxecs-bin/include -g -O2 -D__pingtel_on_posix__ -D_linux_ -D_REENTRANT -D_FILE_OFFSET_BITS=64 -fmessage-length=0 -Wall -Wformat -Wwrite-strings -Wpointer-arith -Wnested-externs -Wmissing-declarations -Wmissing-prototypes -I/usr/include'
CPP='gcc -E'
CPPFLAGS=''
CPPUNIT_CFLAGS=''
CPPUNIT_CONFIG='/usr/bin/cppunit-config'
CPPUNIT_LDFLAGS=''
CPPUNIT_LIBS='-lcppunit -ldl'
CP_BINARY='/bin/cp'
CXX='g++'
CXXCPP='g++ -E'
CXXDEPMODE='depmode=gcc3'
CXXFLAGS='-DSIP_TLS -I/home/joegen/sipxecs-bin/include -I/home/joegen/sipxecs-bin/include -I/usr/include -I/home/joegen/sipxecs-bin/include -g -O2 -D__pingtel_on_posix__ -D_linux_ -D_REENTRANT -D_FILE_OFFSET_BITS=64 -fmessage-length=0 -Wall -Wformat -Wwrite-strings -Wpointer-arith -I/usr/include'
CYGPATH_W='echo'
DATE_PARSE_ARGS='--date='
DEFS='-DHAVE_CONFIG_H'
DEPDIR='.deps'
DSYMUTIL=''
DUMPBIN=''
ECHO_C=''
ECHO_N='-n'
ECHO_T=''
EGREP='/bin/grep -E'
ENABLE_ODBC_TESTS_FALSE=''
ENABLE_ODBC_TESTS_TRUE='#'
EXEEXT=''
FGREP='/bin/grep -F'
GREP='/bin/grep'
HAVE_SSL='yes'
INSTALL_DATA='${INSTALL} -m 644'
INSTALL_PROGRAM='${INSTALL}'
INSTALL_SCRIPT='${INSTALL}'
INSTALL_STRIP_PROGRAM='$(install_sh) -c -s'
ISGCC_FALSE='#'
ISGCC_TRUE=''
LD='/usr/bin/ld'
LDFLAGS='-L/home/joegen/sipxecs-bin/lib '
LIBOBJS=''
LIBS=''
LIBTOOL='$(SHELL) $(top_builddir)/libtool'
LIPO=''
LN_S='ln -s'
LTLIBOBJS=''
MAKEINFO='${SHELL} /home/joegen/sipxecs/sipXcommserverLib/config/missing --run makeinfo'
MKDIR_P='/bin/mkdir -p'
MV_BINARY='/bin/mv'
NM='/usr/bin/nm -B'
NMEDIT=''
OBJDUMP='objdump'
OBJEXT='o'
ODBC_CFLAGS='-I/usr/include'
ODBC_CXXFLAGS='-I/usr/include'
ODBC_LDFLAGS='-L/usr/lib'
ODBC_LIBDIR='/usr/lib'
ODBC_LIBS='-lodbc'
OPENFIRE_HOME='/opt/openfire'
OPENSSL='/usr/bin/openssl'
OTOOL64=''
OTOOL=''
PACKAGE='sipxcommserverlib'
PACKAGE_BUGREPORT='sipx-dev@list.sipfoundry.org'
PACKAGE_NAME='sipXcommserverLib'
PACKAGE_REVISION='119.g5c90'
PACKAGE_STRING='sipXcommserverLib 0.0.4.5.2'
PACKAGE_TARNAME='sipxcommserverlib'
PACKAGE_URL=''
PACKAGE_VERSION='0.0.4.5.2'
PATH_SEPARATOR=':'
PCRE_CFLAGS='-I/usr/include'
PCRE_CXXFLAGS='-I/usr/include'
PCRE_LDFLAGS='-L/usr/lib'
PCRE_LIBS='-lpcre'
PERL='/usr/bin/perl'
POSTGRESQL_INLCLUDE='--with-pgsql-include-dir=/usr/include/pgsql'
POSTGRESQL_USER='postgres'
RANLIB='ranlib'
SED='/bin/sed'
SET_MAKE=''
SHELL='/bin/sh'
SIPXECS_NAME='sipXecs'
SIPXPBXGROUP='joegen'
SIPXPBXUSER='joegen'
SIPXPORTINC='/home/joegen/sipxecs-bin/include'
SIPXPORT_LIBS='/home/joegen/sipxecs-bin/lib/libsipXport.la'
SIPXTACKINC='/home/joegen/sipxecs-bin/include'
SIPXTACK_LIBS='/home/joegen/sipxecs-bin/lib/libsipXtack.la'
SIPXTEST_DATABASE=''
SIPXUNITINC='/home/joegen/sipxecs-bin/include'
SIPXUNIT_LIBS='/home/joegen/sipxecs-bin/lib/libsipXunit.la'
SIPX_BINDIR='${exec_prefix}/bin'
SIPX_CONFDIR='${prefix}/etc/sipxpbx'
SIPX_DATADIR='${datarootdir}/sipxecs'
SIPX_DBDIR='${prefix}/var/sipxdata/sipdb'
SIPX_DOCDIR='${datarootdir}/doc/sipxecs'
SIPX_INCDIR='${prefix}/include'
SIPX_INTEROP='${datarootdir}/sipxecs/interop'
SIPX_JAVADIR='${datarootdir}/java/sipXecs'
SIPX_LIBDIR='${exec_prefix}/lib'
SIPX_LIBEXECDIR='${exec_prefix}/libexec/sipXecs'
SIPX_LOGDIR='${prefix}/var/log/sipxpbx'
SIPX_RPM_CONFIGURE_OPTIONS='SIPXPBXUSER=sipxchange'
SIPX_RUNDIR='${prefix}/var/run/sipxpbx'
SIPX_TMPDIR='${prefix}/var/sipxdata/tmp'
SIPX_VARDIR='${prefix}/var/sipxdata'
SIPX_VARLIB='${prefix}/var/lib/sipxpbx'
SIPX_VXMLDATADIR='${prefix}/var/sipxdata/mediaserver/data'
SSL_CFLAGS='-DHAVE_SSL'
SSL_CXXFLAGS='-DHAVE_SSL'
SSL_LDFLAGS='-L/usr/lib'
SSL_LIBS='-lssl -lcrypto'
STRIP='strip'
TOP_ABS_SRCDIR='/home/joegen/sipxecs/sipXcommserverLib'
TOP_SRCDIR='.'
USE_IBM_JVM='0'
VERSION='0.0.4.5.2'
XARGS_REPLACE='-I '
XERCES_CFLAGS='-I/usr/include'
XERCES_CXXFLAGS='-I/usr/include'
XERCES_LDFLAGS='-L/usr/lib'
XERCES_LIBS='-lxerces-c'
ac_ct_CC='gcc'
ac_ct_CXX='g++'
ac_ct_DUMPBIN=''
am__EXEEXT_FALSE=''
am__EXEEXT_TRUE='#'
am__fastdepCC_FALSE='#'
am__fastdepCC_TRUE=''
am__fastdepCXX_FALSE='#'
am__fastdepCXX_TRUE=''
am__include='include'
am__isrc=''
am__leading_dot='.'
am__quote=''
am__tar='tar --format=ustar -chf - "$$tardir"'
am__untar='tar -xf -'
bindir='${exec_prefix}/bin'
build='i686-pc-linux-gnu'
build_alias=''
build_cpu='i686'
build_os='linux-gnu'
build_vendor='pc'
datadir='${datarootdir}'
datarootdir='${prefix}/share'
docdir='${datarootdir}/doc/${PACKAGE_TARNAME}'
dvidir='${docdir}'
exec_prefix='${prefix}'
host='i686-pc-linux-gnu'
host_alias=''
host_cpu='i686'
host_os='linux-gnu'
host_vendor='pc'
htmldir='${docdir}'
includedir='${prefix}/include'
infodir='${datarootdir}/info'
install_sh='${SHELL} /home/joegen/sipxecs/sipXcommserverLib/config/install-sh'
libdir='${exec_prefix}/lib'
libexecdir='${exec_prefix}/libexec'
localedir='${datarootdir}/locale'
localstatedir='${prefix}/var'
mandir='${datarootdir}/man'
mkdir_p='/bin/mkdir -p'
oldincludedir='/usr/include'
pdfdir='${docdir}'
prefix='/home/joegen/sipxecs-bin'
program_transform_name='s,x,x,'
psdir='${docdir}'
sbindir='${exec_prefix}/sbin'
sharedstatedir='${prefix}/com'
sysconfdir='${prefix}/etc'
target_alias=''
wwwdir='${datadir}/www'

## ----------- ##
## confdefs.h. ##
## ----------- ##

/* confdefs.h */
#define PACKAGE_NAME "sipXcommserverLib"
#define PACKAGE_TARNAME "sipxcommserverlib"
#define PACKAGE_VERSION "0.0.4.5.2"
#define PACKAGE_STRING "sipXcommserverLib 0.0.4.5.2"
#define PACKAGE_BUGREPORT "sipx-dev@list.sipfoundry.org"
#define PACKAGE_URL ""
#define PACKAGE "sipxcommserverlib"
#define VERSION "0.0.4.5.2"
#define STDC_HEADERS 1
#define HAVE_SYS_TYPES_H 1
#define HAVE_SYS_STAT_H 1
#define HAVE_STDLIB_H 1
#define HAVE_STRING_H 1
#define HAVE_MEMORY_H 1
#define HAVE_STRINGS_H 1
#define HAVE_INTTYPES_H 1
#define HAVE_STDINT_H 1
#define HAVE_UNISTD_H 1
#define HAVE_DLFCN_H 1
#define LT_OBJDIR ".libs/"
#define PACKAGE_REVISION "119.g5c90"

configure: exit 0

## ---------------------- ##
## Running config.status. ##
## ---------------------- ##

This file was extended by sipXcommserverLib config.status 0.0.4.5.2, which was
generated by GNU Autoconf 2.66.  Invocation command line was

  CONFIG_FILES    = 
  CONFIG_HEADERS  = 
  CONFIG_LINKS    = 
  CONFIG_COMMANDS = 
  $ ./config.status 

on sipx-fedora-14.sipxdevel.local

config.status:1224: creating Makefile
config.status:1224: creating include/Makefile
config.status:1224: creating etc/Makefile
config.status:1224: creating bin/Makefile
config.status:1224: creating bin/ssl-cert/Makefile
config.status:1224: creating src/Makefile
config.status:1224: creating src/sipdb/Makefile
config.status:1224: creating src/fastdb/Makefile
config.status:1224: creating src/xsdvalid/Makefile
config.status:1224: creating src/test/Makefile
config.status:1224: creating src/test/testlib/Makefile
config.status:1224: creating meta/Makefile
config.status:1224: creating src/sipxrestorebinary/Makefile
config.status:1224: creating src/sipxpackage/Makefile
config.status:1224: creating src/sipxswadmin/Makefile
config.status:1224: creating src/sipxzoneadmin/Makefile
config.status:1224: creating src/sipxtimemanager/Makefile
config.status:1224: creating src/sipxchangetimezone/Makefile
config.status:1224: creating src/sipxcdrpostgres/Makefile
config.status:1224: creating src/config.h
config.status:1404: src/config.h is unchanged
config.status:1452: executing depfiles commands
config.status:1452: executing libtool commands
