Weights:
0	2
1	1
2	1

Trials: 10000

Order	Count
012	2479
021	2454
102	1750
120	827
201	1701
210	789

Order	Count	Parent	P.Count	Theory	Observed
0	4933		10000	0.50000	0.49330	
01	2479	0	4933	0.50000	0.50253	
012	2479	01	2479	1.00000	1.00000	
02	2454	0	4933	0.50000	0.49747	
021	2454	02	2454	1.00000	1.00000	
1	2577		10000	0.25000	0.25770	
10	1750	1	2577	0.66667	0.67908	
102	1750	10	1750	1.00000	1.00000	
12	827	1	2577	0.33333	0.32092	
120	827	12	827	1.00000	1.00000	
2	2490		10000	0.25000	0.24900	
20	1701	2	2490	0.66667	0.68313	
201	1701	20	1701	1.00000	1.00000	
21	789	2	2490	0.33333	0.31687	
210	789	21	789	1.00000	1.00000	
----------------------------------------------------------------------
Weights:
0	1
1	1
2	1

Trials: 10000

Order	Count
012	1621
021	1764
102	1664
120	1665
201	1620
210	1666

Order	Count	Parent	P.Count	Theory	Observed
0	3385		10000	0.33333	0.33850	
01	1621	0	3385	0.50000	0.47888	
012	1621	01	1621	1.00000	1.00000	
02	1764	0	3385	0.50000	0.52112	
021	1764	02	1764	1.00000	1.00000	
1	3329		10000	0.33333	0.33290	
10	1664	1	3329	0.50000	0.49985	
102	1664	10	1664	1.00000	1.00000	
12	1665	1	3329	0.50000	0.50015	
120	1665	12	1665	1.00000	1.00000	
2	3286		10000	0.33333	0.32860	
20	1620	2	3286	0.50000	0.49300	
201	1620	20	1620	1.00000	1.00000	
21	1666	2	3286	0.50000	0.50700	
210	1666	21	1666	1.00000	1.00000	
----------------------------------------------------------------------
Weights:
0	10
1	1
2	1
3	1

Trials: 10000

Order	Count
0123	1311
0132	1283
0213	1323
0231	1268
0312	1263
0321	1213
1023	335
1032	321
1203	53
1230	2
1302	60
1320	6
2013	321
2031	315
2103	55
2130	9
2301	56
2310	13
3012	325
3021	336
3102	67
3120	6
3201	50
3210	9

Order	Count	Parent	P.Count	Theory	Observed
0	7661		10000	0.76923	0.76610	
01	2594	0	7661	0.33333	0.33860	
012	1311	01	2594	0.50000	0.50540	
0123	1311	012	1311	1.00000	1.00000	
013	1283	01	2594	0.50000	0.49460	
0132	1283	013	1283	1.00000	1.00000	
02	2591	0	7661	0.33333	0.33821	
021	1323	02	2591	0.50000	0.51061	
0213	1323	021	1323	1.00000	1.00000	
023	1268	02	2591	0.50000	0.48939	
0231	1268	023	1268	1.00000	1.00000	
03	2476	0	7661	0.33333	0.32320	
031	1263	03	2476	0.50000	0.51010	
0312	1263	031	1263	1.00000	1.00000	
032	1213	03	2476	0.50000	0.48990	
0321	1213	032	1213	1.00000	1.00000	
1	777		10000	0.07692	0.07770	
10	656	1	777	0.83333	0.84427	
102	335	10	656	0.50000	0.51067	
1023	335	102	335	1.00000	1.00000	
103	321	10	656	0.50000	0.48933	
1032	321	103	321	1.00000	1.00000	
12	55	1	777	0.08333	0.07079	
120	53	12	55	0.90909	0.96364	
1203	53	120	53	1.00000	1.00000	
123	2	12	55	0.09091	0.03636	
1230	2	123	2	1.00000	1.00000	
13	66	1	777	0.08333	0.08494	
130	60	13	66	0.90909	0.90909	
1302	60	130	60	1.00000	1.00000	
132	6	13	66	0.09091	0.09091	
1320	6	132	6	1.00000	1.00000	
2	769		10000	0.07692	0.07690	
20	636	2	769	0.83333	0.82705	
201	321	20	636	0.50000	0.50472	
2013	321	201	321	1.00000	1.00000	
203	315	20	636	0.50000	0.49528	
2031	315	203	315	1.00000	1.00000	
21	64	2	769	0.08333	0.08322	
210	55	21	64	0.90909	0.85938	
2103	55	210	55	1.00000	1.00000	
213	9	21	64	0.09091	0.14062	
2130	9	213	9	1.00000	1.00000	
23	69	2	769	0.08333	0.08973	
230	56	23	69	0.90909	0.81159	
2301	56	230	56	1.00000	1.00000	
231	13	23	69	0.09091	0.18841	
2310	13	231	13	1.00000	1.00000	
3	793		10000	0.07692	0.07930	
30	661	3	793	0.83333	0.83354	
301	325	30	661	0.50000	0.49168	
3012	325	301	325	1.00000	1.00000	
302	336	30	661	0.50000	0.50832	
3021	336	302	336	1.00000	1.00000	
31	73	3	793	0.08333	0.09206	
310	67	31	73	0.90909	0.91781	
3102	67	310	67	1.00000	1.00000	
312	6	31	73	0.09091	0.08219	
3120	6	312	6	1.00000	1.00000	
32	59	3	793	0.08333	0.07440	
320	50	32	59	0.90909	0.84746	
3201	50	320	50	1.00000	1.00000	
321	9	32	59	0.09091	0.15254	
3210	9	321	9	1.00000	1.00000	
----------------------------------------------------------------------
Weights:
0	10
1	1
2	1
3	10

Trials: 10000

Order	Count
0123	29
0132	302
0213	36
0231	332
0312	1918
0321	1934
1023	15
1032	223
1203	15
1230	13
1302	188
1320	19
2013	20
2031	211
2103	7
2130	13
2301	193
2310	18
3012	1893
3021	1864
3102	353
3120	33
3201	346
3210	25

Order	Count	Parent	P.Count	Theory	Observed
0	4551		10000	0.45455	0.45510	
01	331	0	4551	0.08333	0.07273	
012	29	01	331	0.09091	0.08761	
0123	29	012	29	1.00000	1.00000	
013	302	01	331	0.90909	0.91239	
0132	302	013	302	1.00000	1.00000	
02	368	0	4551	0.08333	0.08086	
021	36	02	368	0.09091	0.09783	
0213	36	021	36	1.00000	1.00000	
023	332	02	368	0.90909	0.90217	
0231	332	023	332	1.00000	1.00000	
03	3852	0	4551	0.83333	0.84641	
031	1918	03	3852	0.50000	0.49792	
0312	1918	031	1918	1.00000	1.00000	
032	1934	03	3852	0.50000	0.50208	
0321	1934	032	1934	1.00000	1.00000	
1	473		10000	0.04545	0.04730	
10	238	1	473	0.47619	0.50317	
102	15	10	238	0.09091	0.06303	
1023	15	102	15	1.00000	1.00000	
103	223	10	238	0.90909	0.93697	
1032	223	103	223	1.00000	1.00000	
12	28	1	473	0.04762	0.05920	
120	15	12	28	0.50000	0.53571	
1203	15	120	15	1.00000	1.00000	
123	13	12	28	0.50000	0.46429	
1230	13	123	13	1.00000	1.00000	
13	207	1	473	0.47619	0.43763	
130	188	13	207	0.90909	0.90821	
1302	188	130	188	1.00000	1.00000	
132	19	13	207	0.09091	0.09179	
1320	19	132	19	1.00000	1.00000	
2	462		10000	0.04545	0.04620	
20	231	2	462	0.47619	0.50000	
201	20	20	231	0.09091	0.08658	
2013	20	201	20	1.00000	1.00000	
203	211	20	231	0.90909	0.91342	
2031	211	203	211	1.00000	1.00000	
21	20	2	462	0.04762	0.04329	
210	7	21	20	0.50000	0.35000	
2103	7	210	7	1.00000	1.00000	
213	13	21	20	0.50000	0.65000	
2130	13	213	13	1.00000	1.00000	
23	211	2	462	0.47619	0.45671	
230	193	23	211	0.90909	0.91469	
2301	193	230	193	1.00000	1.00000	
231	18	23	211	0.09091	0.08531	
2310	18	231	18	1.00000	1.00000	
3	4514		10000	0.45455	0.45140	
30	3757	3	4514	0.83333	0.83230	
301	1893	30	3757	0.50000	0.50386	
3012	1893	301	1893	1.00000	1.00000	
302	1864	30	3757	0.50000	0.49614	
3021	1864	302	1864	1.00000	1.00000	
31	386	3	4514	0.08333	0.08551	
310	353	31	386	0.90909	0.91451	
3102	353	310	353	1.00000	1.00000	
312	33	31	386	0.09091	0.08549	
3120	33	312	33	1.00000	1.00000	
32	371	3	4514	0.08333	0.08219	
320	346	32	371	0.90909	0.93261	
3201	346	320	346	1.00000	1.00000	
321	25	32	371	0.09091	0.06739	
3210	25	321	25	1.00000	1.00000	
