This file contains any messages produced by compilers while
running configure, to aid debugging if configure makes a mistake.

It was created by sipXfreeSwitch configure 0.0.4.5.2, which was
generated by GNU Autoconf 2.66.  Invocation command line was

  $ ../configure --prefix=/opt/sipx-0.0.4.5.2

## --------- ##
## Platform. ##
## --------- ##

hostname = swift.hubler.us
uname -m = x86_64
uname -r = 2.6.35.10-72.fc14.x86_64
uname -s = Linux
uname -v = #1 SMP Mon Dec 20 21:14:22 UTC 2010

/usr/bin/uname -p = unknown
/bin/uname -X     = unknown

/bin/arch              = x86_64
/usr/bin/arch -k       = unknown
/usr/convex/getsysinfo = unknown
/usr/bin/hostinfo      = unknown
/bin/machine           = unknown
/usr/bin/oslevel       = unknown
/bin/universe          = unknown

PATH: /usr/lib64/qt-3.3/bin
PATH: /usr/local/bin
PATH: /usr/bin
PATH: /bin
PATH: /usr/local/sbin
PATH: /usr/sbin
PATH: /sbin
PATH: /home/dhubler/bin


## ----------- ##
## Core tests. ##
## ----------- ##

configure:2642: checking for a BSD-compatible install
configure:2710: result: /usr/bin/install -c
configure:2721: checking whether build environment is sane
configure:2771: result: yes
configure:2912: checking for a thread-safe mkdir -p
configure:2951: result: /bin/mkdir -p
configure:2964: checking for gawk
configure:2980: found /usr/bin/gawk
configure:2991: result: gawk
configure:3002: checking whether make sets $(MAKE)
configure:3024: result: yes
configure:3099: checking how to create a ustar tar archive
configure:3112: tar --version
tar (GNU tar) 1.23
Copyright (C) 2010 Free Software Foundation, Inc.
License GPLv3+: GNU GPL version 3 or later <http://gnu.org/licenses/gpl.html>.
This is free software: you are free to change and redistribute it.
There is NO WARRANTY, to the extent permitted by law.

Written by John Gilmore and Jay Fenlason.
configure:3115: $? = 0
configure:3155: tardir=conftest.dir && eval tar --format=ustar -chf - "$tardir" >conftest.tar
configure:3158: $? = 0
configure:3162: tar -xf - <conftest.tar
configure:3165: $? = 0
configure:3178: result: gnutar
configure:3186: checking for automake version >= 1.6
configure:3219: result: 1.11.1 is ok
configure:3254: checking build system type
configure:3268: result: x86_64-unknown-linux-gnu
configure:3288: checking host system type
configure:3301: result: x86_64-unknown-linux-gnu
configure:3342: checking how to print strings
configure:3369: result: printf
configure:3402: checking for style of include used by make
configure:3430: result: GNU
configure:3500: checking for gcc
configure:3516: found /usr/bin/gcc
configure:3527: result: gcc
configure:3756: checking for C compiler version
configure:3765: gcc --version >&5
gcc (GCC) 4.5.1 20100924 (Red Hat 4.5.1-4)
Copyright (C) 2010 Free Software Foundation, Inc.
This is free software; see the source for copying conditions.  There is NO
warranty; not even for MERCHANTABILITY or FITNESS FOR A PARTICULAR PURPOSE.

configure:3776: $? = 0
configure:3765: gcc -v >&5
Using built-in specs.
COLLECT_GCC=gcc
COLLECT_LTO_WRAPPER=/usr/libexec/gcc/x86_64-redhat-linux/4.5.1/lto-wrapper
Target: x86_64-redhat-linux
Configured with: ../configure --prefix=/usr --mandir=/usr/share/man --infodir=/usr/share/info --with-bugurl=http://bugzilla.redhat.com/bugzilla --enable-bootstrap --enable-shared --enable-threads=posix --enable-checking=release --with-system-zlib --enable-__cxa_atexit --disable-libunwind-exceptions --enable-gnu-unique-object --enable-linker-build-id --enable-languages=c,c++,objc,obj-c++,java,fortran,ada,lto --enable-plugin --enable-java-awt=gtk --disable-dssi --with-java-home=/usr/lib/jvm/java-1.5.0-gcj-1.5.0.0/jre --enable-libgcj-multifile --enable-java-maintainer-mode --with-ecj-jar=/usr/share/java/eclipse-ecj.jar --disable-libjava-multilib --with-ppl --with-cloog --with-tune=generic --with-arch_32=i686 --build=x86_64-redhat-linux
Thread model: posix
gcc version 4.5.1 20100924 (Red Hat 4.5.1-4) (GCC) 
configure:3776: $? = 0
configure:3765: gcc -V >&5
gcc: '-V' option must have argument
configure:3776: $? = 1
configure:3765: gcc -qversion >&5
gcc: unrecognized option '-qversion'
gcc: no input files
configure:3776: $? = 1
configure:3796: checking whether the C compiler works
configure:3818: gcc    conftest.c  >&5
configure:3822: $? = 0
configure:3870: result: yes
configure:3873: checking for C compiler default output file name
configure:3875: result: a.out
configure:3881: checking for suffix of executables
configure:3888: gcc -o conftest    conftest.c  >&5
configure:3892: $? = 0
configure:3914: result: 
configure:3936: checking whether we are cross compiling
configure:3944: gcc -o conftest    conftest.c  >&5
configure:3948: $? = 0
configure:3955: ./conftest
configure:3959: $? = 0
configure:3974: result: no
configure:3979: checking for suffix of object files
configure:4001: gcc -c   conftest.c >&5
configure:4005: $? = 0
configure:4026: result: o
configure:4030: checking whether we are using the GNU C compiler
configure:4049: gcc -c   conftest.c >&5
configure:4049: $? = 0
configure:4058: result: yes
configure:4067: checking whether gcc accepts -g
configure:4087: gcc -c -g  conftest.c >&5
configure:4087: $? = 0
configure:4128: result: yes
configure:4145: checking for gcc option to accept ISO C89
configure:4209: gcc  -c -g -O2  conftest.c >&5
configure:4209: $? = 0
configure:4222: result: none needed
configure:4244: checking dependency style of gcc
configure:4354: result: gcc3
configure:4369: checking for a sed that does not truncate output
configure:4433: result: /bin/sed
configure:4451: checking for grep that handles long lines and -e
configure:4509: result: /bin/grep
configure:4514: checking for egrep
configure:4576: result: /bin/grep -E
configure:4581: checking for fgrep
configure:4643: result: /bin/grep -F
configure:4678: checking for ld used by gcc
configure:4745: result: /usr/bin/ld
configure:4752: checking if the linker (/usr/bin/ld) is GNU ld
configure:4767: result: yes
configure:4779: checking for BSD- or MS-compatible name lister (nm)
configure:4828: result: /usr/bin/nm -B
configure:4958: checking the name lister (/usr/bin/nm -B) interface
configure:4965: gcc -c -g -O2  conftest.c >&5
configure:4968: /usr/bin/nm -B "conftest.o"
configure:4971: output
0000000000000000 B some_variable
configure:4978: result: BSD nm
configure:4981: checking whether ln -s works
configure:4985: result: yes
configure:4993: checking the maximum length of command line arguments
configure:5118: result: 1572864
configure:5135: checking whether the shell understands some XSI constructs
configure:5145: result: yes
configure:5149: checking whether the shell understands "+="
configure:5155: result: yes
configure:5190: checking for /usr/bin/ld option to reload object files
configure:5197: result: -r
configure:5266: checking for objdump
configure:5282: found /usr/bin/objdump
configure:5293: result: objdump
configure:5325: checking how to recognize dependent libraries
configure:5527: result: pass_all
configure:5587: checking for ar
configure:5603: found /usr/bin/ar
configure:5614: result: ar
configure:5692: checking for strip
configure:5708: found /usr/bin/strip
configure:5719: result: strip
configure:5791: checking for ranlib
configure:5807: found /usr/bin/ranlib
configure:5818: result: ranlib
configure:5920: checking command to parse /usr/bin/nm -B output from gcc object
configure:6038: gcc -c -g -O2  conftest.c >&5
configure:6041: $? = 0
configure:6045: /usr/bin/nm -B conftest.o \| sed -n -e 's/^.*[ ]\([ABCDGIRSTW][ABCDGIRSTW]*\)[ ][ ]*\([_A-Za-z][_A-Za-z0-9]*\)$/\1 \2 \2/p' \> conftest.nm
configure:6048: $? = 0
configure:6102: gcc -o conftest -g -O2   conftest.c conftstm.o >&5
configure:6105: $? = 0
configure:6143: result: ok
configure:6239: gcc -c -g -O2  conftest.c >&5
configure:6242: $? = 0
configure:6984: checking how to run the C preprocessor
configure:7015: gcc -E  conftest.c
configure:7015: $? = 0
configure:7029: gcc -E  conftest.c
conftest.c:11:28: fatal error: ac_nonexistent.h: No such file or directory
compilation terminated.
configure:7029: $? = 1
configure: failed program was:
| /* confdefs.h */
| #define PACKAGE_NAME "sipXfreeSwitch"
| #define PACKAGE_TARNAME "sipxfreeswitch"
| #define PACKAGE_VERSION "0.0.4.5.2"
| #define PACKAGE_STRING "sipXfreeSwitch 0.0.4.5.2"
| #define PACKAGE_BUGREPORT "sipx-dev@list.sipfoundry.org"
| #define PACKAGE_URL ""
| #define PACKAGE "sipxfreeswitch"
| #define VERSION "0.0.4.5.2"
| /* end confdefs.h.  */
| #include <ac_nonexistent.h>
configure:7054: result: gcc -E
configure:7074: gcc -E  conftest.c
configure:7074: $? = 0
configure:7088: gcc -E  conftest.c
conftest.c:11:28: fatal error: ac_nonexistent.h: No such file or directory
compilation terminated.
configure:7088: $? = 1
configure: failed program was:
| /* confdefs.h */
| #define PACKAGE_NAME "sipXfreeSwitch"
| #define PACKAGE_TARNAME "sipxfreeswitch"
| #define PACKAGE_VERSION "0.0.4.5.2"
| #define PACKAGE_STRING "sipXfreeSwitch 0.0.4.5.2"
| #define PACKAGE_BUGREPORT "sipx-dev@list.sipfoundry.org"
| #define PACKAGE_URL ""
| #define PACKAGE "sipxfreeswitch"
| #define VERSION "0.0.4.5.2"
| /* end confdefs.h.  */
| #include <ac_nonexistent.h>
configure:7117: checking for ANSI C header files
configure:7137: gcc -c -g -O2  conftest.c >&5
configure:7137: $? = 0
configure:7210: gcc -o conftest -g -O2   conftest.c  >&5
configure:7210: $? = 0
configure:7210: ./conftest
configure:7210: $? = 0
configure:7221: result: yes
configure:7234: checking for sys/types.h
configure:7234: gcc -c -g -O2  conftest.c >&5
configure:7234: $? = 0
configure:7234: result: yes
configure:7234: checking for sys/stat.h
configure:7234: gcc -c -g -O2  conftest.c >&5
configure:7234: $? = 0
configure:7234: result: yes
configure:7234: checking for stdlib.h
configure:7234: gcc -c -g -O2  conftest.c >&5
configure:7234: $? = 0
configure:7234: result: yes
configure:7234: checking for string.h
configure:7234: gcc -c -g -O2  conftest.c >&5
configure:7234: $? = 0
configure:7234: result: yes
configure:7234: checking for memory.h
configure:7234: gcc -c -g -O2  conftest.c >&5
configure:7234: $? = 0
configure:7234: result: yes
configure:7234: checking for strings.h
configure:7234: gcc -c -g -O2  conftest.c >&5
configure:7234: $? = 0
configure:7234: result: yes
configure:7234: checking for inttypes.h
configure:7234: gcc -c -g -O2  conftest.c >&5
configure:7234: $? = 0
configure:7234: result: yes
configure:7234: checking for stdint.h
configure:7234: gcc -c -g -O2  conftest.c >&5
configure:7234: $? = 0
configure:7234: result: yes
configure:7234: checking for unistd.h
configure:7234: gcc -c -g -O2  conftest.c >&5
configure:7234: $? = 0
configure:7234: result: yes
configure:7248: checking for dlfcn.h
configure:7248: gcc -c -g -O2  conftest.c >&5
configure:7248: $? = 0
configure:7248: result: yes
configure:7435: checking for objdir
configure:7450: result: .libs
configure:7717: checking if gcc supports -fno-rtti -fno-exceptions
configure:7735: gcc -c -g -O2  -fno-rtti -fno-exceptions conftest.c >&5
cc1: warning: command line option "-fno-rtti" is valid for C++/ObjC++ but not for C
configure:7739: $? = 0
configure:7752: result: no
configure:7772: checking for gcc option to produce PIC
configure:8057: result: -fPIC -DPIC
configure:8069: checking if gcc PIC flag -fPIC -DPIC works
configure:8087: gcc -c -g -O2  -fPIC -DPIC -DPIC conftest.c >&5
configure:8091: $? = 0
configure:8104: result: yes
configure:8128: checking if gcc static flag -static works
configure:8156: result: no
configure:8171: checking if gcc supports -c -o file.o
configure:8192: gcc -c -g -O2  -o out/conftest2.o conftest.c >&5
configure:8196: $? = 0
configure:8218: result: yes
configure:8226: checking if gcc supports -c -o file.o
configure:8273: result: yes
configure:8306: checking whether the gcc linker (/usr/bin/ld -m elf_x86_64) supports shared libraries
configure:9381: result: yes
configure:9418: checking whether -lc should be explicitly linked in
configure:9426: gcc -c -g -O2  conftest.c >&5
configure:9429: $? = 0
configure:9444: gcc -shared conftest.o  -v -Wl,-soname -Wl,conftest -o conftest 2\>\&1 \| /bin/grep  -lc  \>/dev/null 2\>\&1
configure:9447: $? = 0
configure:9461: result: no
configure:9626: checking dynamic linker characteristics
configure:10081: gcc -o conftest -g -O2   -Wl,-rpath -Wl,/foo conftest.c  >&5
configure:10081: $? = 0
configure:10307: result: GNU/Linux ld.so
configure:10414: checking how to hardcode library paths into programs
configure:10439: result: immediate
configure:10979: checking whether stripping libraries is possible
configure:10984: result: yes
configure:11019: checking if libtool supports shared libraries
configure:11021: result: yes
configure:11024: checking whether to build shared libraries
configure:11045: result: yes
configure:11048: checking whether to build static libraries
configure:11052: result: yes
configure:11089: checking for bash
configure:11119: result: /bin/sh
configure:11185: checking for g++
configure:11201: found /usr/bin/g++
configure:11212: result: g++
configure:11239: checking for C++ compiler version
configure:11248: g++ --version >&5
g++ (GCC) 4.5.1 20100924 (Red Hat 4.5.1-4)
Copyright (C) 2010 Free Software Foundation, Inc.
This is free software; see the source for copying conditions.  There is NO
warranty; not even for MERCHANTABILITY or FITNESS FOR A PARTICULAR PURPOSE.

configure:11259: $? = 0
configure:11248: g++ -v >&5
Using built-in specs.
COLLECT_GCC=g++
COLLECT_LTO_WRAPPER=/usr/libexec/gcc/x86_64-redhat-linux/4.5.1/lto-wrapper
Target: x86_64-redhat-linux
Configured with: ../configure --prefix=/usr --mandir=/usr/share/man --infodir=/usr/share/info --with-bugurl=http://bugzilla.redhat.com/bugzilla --enable-bootstrap --enable-shared --enable-threads=posix --enable-checking=release --with-system-zlib --enable-__cxa_atexit --disable-libunwind-exceptions --enable-gnu-unique-object --enable-linker-build-id --enable-languages=c,c++,objc,obj-c++,java,fortran,ada,lto --enable-plugin --enable-java-awt=gtk --disable-dssi --with-java-home=/usr/lib/jvm/java-1.5.0-gcj-1.5.0.0/jre --enable-libgcj-multifile --enable-java-maintainer-mode --with-ecj-jar=/usr/share/java/eclipse-ecj.jar --disable-libjava-multilib --with-ppl --with-cloog --with-tune=generic --with-arch_32=i686 --build=x86_64-redhat-linux
Thread model: posix
gcc version 4.5.1 20100924 (Red Hat 4.5.1-4) (GCC) 
configure:11259: $? = 0
configure:11248: g++ -V >&5
g++: '-V' option must have argument
configure:11259: $? = 1
configure:11248: g++ -qversion >&5
g++: unrecognized option '-qversion'
g++: no input files
configure:11259: $? = 1
configure:11263: checking whether we are using the GNU C++ compiler
configure:11282: g++ -c   conftest.cpp >&5
configure:11282: $? = 0
configure:11291: result: yes
configure:11300: checking whether g++ accepts -g
configure:11320: g++ -c -g  conftest.cpp >&5
configure:11320: $? = 0
configure:11361: result: yes
configure:11386: checking dependency style of g++
configure:11496: result: gcc3
configure:11519: checking how to run the C++ preprocessor
configure:11546: g++ -E  conftest.cpp
configure:11546: $? = 0
configure:11560: g++ -E  conftest.cpp
conftest.cpp:23:28: fatal error: ac_nonexistent.h: No such file or directory
compilation terminated.
configure:11560: $? = 1
configure: failed program was:
| /* confdefs.h */
| #define PACKAGE_NAME "sipXfreeSwitch"
| #define PACKAGE_TARNAME "sipxfreeswitch"
| #define PACKAGE_VERSION "0.0.4.5.2"
| #define PACKAGE_STRING "sipXfreeSwitch 0.0.4.5.2"
| #define PACKAGE_BUGREPORT "sipx-dev@list.sipfoundry.org"
| #define PACKAGE_URL ""
| #define PACKAGE "sipxfreeswitch"
| #define VERSION "0.0.4.5.2"
| #define STDC_HEADERS 1
| #define HAVE_SYS_TYPES_H 1
| #define HAVE_SYS_STAT_H 1
| #define HAVE_STDLIB_H 1
| #define HAVE_STRING_H 1
| #define HAVE_MEMORY_H 1
| #define HAVE_STRINGS_H 1
| #define HAVE_INTTYPES_H 1
| #define HAVE_STDINT_H 1
| #define HAVE_UNISTD_H 1
| #define HAVE_DLFCN_H 1
| #define LT_OBJDIR ".libs/"
| /* end confdefs.h.  */
| #include <ac_nonexistent.h>
configure:11585: result: g++ -E
configure:11605: g++ -E  conftest.cpp
configure:11605: $? = 0
configure:11619: g++ -E  conftest.cpp
conftest.cpp:23:28: fatal error: ac_nonexistent.h: No such file or directory
compilation terminated.
configure:11619: $? = 1
configure: failed program was:
| /* confdefs.h */
| #define PACKAGE_NAME "sipXfreeSwitch"
| #define PACKAGE_TARNAME "sipxfreeswitch"
| #define PACKAGE_VERSION "0.0.4.5.2"
| #define PACKAGE_STRING "sipXfreeSwitch 0.0.4.5.2"
| #define PACKAGE_BUGREPORT "sipx-dev@list.sipfoundry.org"
| #define PACKAGE_URL ""
| #define PACKAGE "sipxfreeswitch"
| #define VERSION "0.0.4.5.2"
| #define STDC_HEADERS 1
| #define HAVE_SYS_TYPES_H 1
| #define HAVE_SYS_STAT_H 1
| #define HAVE_STDLIB_H 1
| #define HAVE_STRING_H 1
| #define HAVE_MEMORY_H 1
| #define HAVE_STRINGS_H 1
| #define HAVE_INTTYPES_H 1
| #define HAVE_STDINT_H 1
| #define HAVE_UNISTD_H 1
| #define HAVE_DLFCN_H 1
| #define LT_OBJDIR ".libs/"
| /* end confdefs.h.  */
| #include <ac_nonexistent.h>
configure:11787: checking for ld used by g++
configure:11854: result: /usr/bin/ld -m elf_x86_64
configure:11861: checking if the linker (/usr/bin/ld -m elf_x86_64) is GNU ld
configure:11876: result: yes
configure:11931: checking whether the g++ linker (/usr/bin/ld -m elf_x86_64) supports shared libraries
configure:12863: result: yes
configure:12891: g++ -c -g -O2  conftest.cpp >&5
configure:12894: $? = 0
configure:13076: checking for g++ option to produce PIC
configure:13398: result: -fPIC -DPIC
configure:13407: checking if g++ PIC flag -fPIC -DPIC works
configure:13425: g++ -c -g -O2  -fPIC -DPIC -DPIC conftest.cpp >&5
configure:13429: $? = 0
configure:13442: result: yes
configure:13463: checking if g++ static flag -static works
configure:13491: result: no
configure:13503: checking if g++ supports -c -o file.o
configure:13524: g++ -c -g -O2  -o out/conftest2.o conftest.cpp >&5
configure:13528: $? = 0
configure:13550: result: yes
configure:13555: checking if g++ supports -c -o file.o
configure:13602: result: yes
configure:13632: checking whether the g++ linker (/usr/bin/ld -m elf_x86_64) supports shared libraries
configure:13660: result: yes
configure:13803: checking dynamic linker characteristics
configure:14418: result: GNU/Linux ld.so
configure:14471: checking how to hardcode library paths into programs
configure:14496: result: immediate
configure:14536: checking for C compiler vendor
configure:14560: gcc -c -g -O2  conftest.c >&5
conftest.c: In function 'main':
conftest.c:29:7: error: 'thisisanerror' undeclared (first use in this function)
conftest.c:29:7: note: each undeclared identifier is reported only once for each function it appears in
configure:14560: $? = 1
configure: failed program was:
| /* confdefs.h */
| #define PACKAGE_NAME "sipXfreeSwitch"
| #define PACKAGE_TARNAME "sipxfreeswitch"
| #define PACKAGE_VERSION "0.0.4.5.2"
| #define PACKAGE_STRING "sipXfreeSwitch 0.0.4.5.2"
| #define PACKAGE_BUGREPORT "sipx-dev@list.sipfoundry.org"
| #define PACKAGE_URL ""
| #define PACKAGE "sipxfreeswitch"
| #define VERSION "0.0.4.5.2"
| #define STDC_HEADERS 1
| #define HAVE_SYS_TYPES_H 1
| #define HAVE_SYS_STAT_H 1
| #define HAVE_STDLIB_H 1
| #define HAVE_STRING_H 1
| #define HAVE_MEMORY_H 1
| #define HAVE_STRINGS_H 1
| #define HAVE_INTTYPES_H 1
| #define HAVE_STDINT_H 1
| #define HAVE_UNISTD_H 1
| #define HAVE_DLFCN_H 1
| #define LT_OBJDIR ".libs/"
| /* end confdefs.h.  */
| 
| int
| main ()
| {
| 
| #if !(defined(__ICC) || defined(__ECC) || defined(__INTEL_COMPILER))
|       thisisanerror;
| #endif
| 
|   ;
|   return 0;
| }
configure:14560: gcc -c -g -O2  conftest.c >&5
conftest.c: In function 'main':
conftest.c:29:7: error: 'thisisanerror' undeclared (first use in this function)
conftest.c:29:7: note: each undeclared identifier is reported only once for each function it appears in
configure:14560: $? = 1
configure: failed program was:
| /* confdefs.h */
| #define PACKAGE_NAME "sipXfreeSwitch"
| #define PACKAGE_TARNAME "sipxfreeswitch"
| #define PACKAGE_VERSION "0.0.4.5.2"
| #define PACKAGE_STRING "sipXfreeSwitch 0.0.4.5.2"
| #define PACKAGE_BUGREPORT "sipx-dev@list.sipfoundry.org"
| #define PACKAGE_URL ""
| #define PACKAGE "sipxfreeswitch"
| #define VERSION "0.0.4.5.2"
| #define STDC_HEADERS 1
| #define HAVE_SYS_TYPES_H 1
| #define HAVE_SYS_STAT_H 1
| #define HAVE_STDLIB_H 1
| #define HAVE_STRING_H 1
| #define HAVE_MEMORY_H 1
| #define HAVE_STRINGS_H 1
| #define HAVE_INTTYPES_H 1
| #define HAVE_STDINT_H 1
| #define HAVE_UNISTD_H 1
| #define HAVE_DLFCN_H 1
| #define LT_OBJDIR ".libs/"
| /* end confdefs.h.  */
| 
| int
| main ()
| {
| 
| #if !(defined(__xlc__) || defined(__xlC__) || defined(__IBMC__) || defined(__IBMCPP__))
|       thisisanerror;
| #endif
| 
|   ;
|   return 0;
| }
configure:14560: gcc -c -g -O2  conftest.c >&5
configure:14560: $? = 0
configure:14567: result: gnu
configure:14618: checking for gcc
configure:14645: result: gcc
configure:14874: checking for C compiler version
configure:14883: gcc --version >&5
gcc (GCC) 4.5.1 20100924 (Red Hat 4.5.1-4)
Copyright (C) 2010 Free Software Foundation, Inc.
This is free software; see the source for copying conditions.  There is NO
warranty; not even for MERCHANTABILITY or FITNESS FOR A PARTICULAR PURPOSE.

configure:14894: $? = 0
configure:14883: gcc -v >&5
Using built-in specs.
COLLECT_GCC=gcc
COLLECT_LTO_WRAPPER=/usr/libexec/gcc/x86_64-redhat-linux/4.5.1/lto-wrapper
Target: x86_64-redhat-linux
Configured with: ../configure --prefix=/usr --mandir=/usr/share/man --infodir=/usr/share/info --with-bugurl=http://bugzilla.redhat.com/bugzilla --enable-bootstrap --enable-shared --enable-threads=posix --enable-checking=release --with-system-zlib --enable-__cxa_atexit --disable-libunwind-exceptions --enable-gnu-unique-object --enable-linker-build-id --enable-languages=c,c++,objc,obj-c++,java,fortran,ada,lto --enable-plugin --enable-java-awt=gtk --disable-dssi --with-java-home=/usr/lib/jvm/java-1.5.0-gcj-1.5.0.0/jre --enable-libgcj-multifile --enable-java-maintainer-mode --with-ecj-jar=/usr/share/java/eclipse-ecj.jar --disable-libjava-multilib --with-ppl --with-cloog --with-tune=generic --with-arch_32=i686 --build=x86_64-redhat-linux
Thread model: posix
gcc version 4.5.1 20100924 (Red Hat 4.5.1-4) (GCC) 
configure:14894: $? = 0
configure:14883: gcc -V >&5
gcc: '-V' option must have argument
configure:14894: $? = 1
configure:14883: gcc -qversion >&5
gcc: unrecognized option '-qversion'
gcc: no input files
configure:14894: $? = 1
configure:14898: checking whether we are using the GNU C compiler
configure:14926: result: yes
configure:14935: checking whether gcc accepts -g
configure:14996: result: yes
configure:15013: checking for gcc option to accept ISO C89
configure:15090: result: none needed
configure:15112: checking dependency style of gcc
configure:15222: result: gcc3
configure:15238: checking for xargs replace option
configure:15245: result: -I
configure:15408: checking how to treat compilation warnings
configure:15417: result: normal mode - allow warnings
configure:15446: checking for FreeSWITCH
configure:15466: result:     FreeSWITCH installed in /opt/freeswitch
configure:15647: creating ./config.status

## ---------------------- ##
## Running config.status. ##
## ---------------------- ##

This file was extended by sipXfreeSwitch config.status 0.0.4.5.2, which was
generated by GNU Autoconf 2.66.  Invocation command line was

  CONFIG_FILES    = 
  CONFIG_HEADERS  = 
  CONFIG_LINKS    = 
  CONFIG_COMMANDS = 
  $ ./config.status 

on swift.hubler.us

config.status:1087: creating Makefile
config.status:1087: creating etc/Makefile
config.status:1087: creating bin/Makefile
config.status:1243: executing depfiles commands
config.status:1243: executing libtool commands

## ---------------- ##
## Cache variables. ##
## ---------------- ##

ac_cv_build=x86_64-unknown-linux-gnu
ac_cv_c_compiler_gnu=yes
ac_cv_cxx_compiler_gnu=yes
ac_cv_env_CCC_set=
ac_cv_env_CCC_value=
ac_cv_env_CC_set=
ac_cv_env_CC_value=
ac_cv_env_CFLAGS_set=
ac_cv_env_CFLAGS_value=
ac_cv_env_CPPFLAGS_set=
ac_cv_env_CPPFLAGS_value=
ac_cv_env_CPP_set=
ac_cv_env_CPP_value=
ac_cv_env_CXXCPP_set=
ac_cv_env_CXXCPP_value=
ac_cv_env_CXXFLAGS_set=
ac_cv_env_CXXFLAGS_value=
ac_cv_env_CXX_set=
ac_cv_env_CXX_value=
ac_cv_env_LDFLAGS_set=
ac_cv_env_LDFLAGS_value=
ac_cv_env_LIBS_set=
ac_cv_env_LIBS_value=
ac_cv_env_OPENFIRE_HOME_set=
ac_cv_env_OPENFIRE_HOME_value=
ac_cv_env_SIPXECS_NAME_set=
ac_cv_env_SIPXECS_NAME_value=
ac_cv_env_SIPXPBXGROUP_set=
ac_cv_env_SIPXPBXGROUP_value=
ac_cv_env_SIPXPBXUSER_set=
ac_cv_env_SIPXPBXUSER_value=
ac_cv_env_USE_IBM_JVM_set=
ac_cv_env_USE_IBM_JVM_value=
ac_cv_env_build_alias_set=
ac_cv_env_build_alias_value=
ac_cv_env_host_alias_set=
ac_cv_env_host_alias_value=
ac_cv_env_target_alias_set=
ac_cv_env_target_alias_value=
ac_cv_env_wwwdir_set=
ac_cv_env_wwwdir_value=
ac_cv_header_dlfcn_h=yes
ac_cv_header_inttypes_h=yes
ac_cv_header_memory_h=yes
ac_cv_header_stdc=yes
ac_cv_header_stdint_h=yes
ac_cv_header_stdlib_h=yes
ac_cv_header_string_h=yes
ac_cv_header_strings_h=yes
ac_cv_header_sys_stat_h=yes
ac_cv_header_sys_types_h=yes
ac_cv_header_unistd_h=yes
ac_cv_host=x86_64-unknown-linux-gnu
ac_cv_objext=o
ac_cv_path_BASH=/bin/sh
ac_cv_path_EGREP='/bin/grep -E'
ac_cv_path_FGREP='/bin/grep -F'
ac_cv_path_GREP=/bin/grep
ac_cv_path_SED=/bin/sed
ac_cv_path_install='/usr/bin/install -c'
ac_cv_path_mkdir=/bin/mkdir
ac_cv_prog_AWK=gawk
ac_cv_prog_CPP='gcc -E'
ac_cv_prog_CXXCPP='g++ -E'
ac_cv_prog_ac_ct_AR=ar
ac_cv_prog_ac_ct_CC=gcc
ac_cv_prog_ac_ct_CXX=g++
ac_cv_prog_ac_ct_OBJDUMP=objdump
ac_cv_prog_ac_ct_RANLIB=ranlib
ac_cv_prog_ac_ct_STRIP=strip
ac_cv_prog_cc_c89=
ac_cv_prog_cc_g=yes
ac_cv_prog_cxx_g=yes
ac_cv_prog_make_make_set=yes
am_cv_CC_dependencies_compiler_type=gcc3
am_cv_CXX_dependencies_compiler_type=gcc3
am_cv_prog_tar_ustar=gnutar
ax_cv_c_compiler_vendor=gnu
lt_cv_archive_cmds_need_lc=no
lt_cv_deplibs_check_method=pass_all
lt_cv_file_magic_cmd='$MAGIC_CMD'
lt_cv_file_magic_test_file=
lt_cv_ld_reload_flag=-r
lt_cv_nm_interface='BSD nm'
lt_cv_objdir=.libs
lt_cv_path_LD=/usr/bin/ld
lt_cv_path_LDCXX='/usr/bin/ld -m elf_x86_64'
lt_cv_path_NM='/usr/bin/nm -B'
lt_cv_prog_compiler_c_o=yes
lt_cv_prog_compiler_c_o_CXX=yes
lt_cv_prog_compiler_pic_works=yes
lt_cv_prog_compiler_pic_works_CXX=yes
lt_cv_prog_compiler_rtti_exceptions=no
lt_cv_prog_compiler_static_works=no
lt_cv_prog_compiler_static_works_CXX=no
lt_cv_prog_gnu_ld=yes
lt_cv_prog_gnu_ldcxx=yes
lt_cv_shlibpath_overrides_runpath=no
lt_cv_sys_global_symbol_pipe='sed -n -e '\''s/^.*[	 ]\([ABCDGIRSTW][ABCDGIRSTW]*\)[	 ][	 ]*\([_A-Za-z][_A-Za-z0-9]*\)$/\1 \2 \2/p'\'''
lt_cv_sys_global_symbol_to_c_name_address='sed -n -e '\''s/^: \([^ ]*\) $/  {\"\1\", (void *) 0},/p'\'' -e '\''s/^[ABCDGIRSTW]* \([^ ]*\) \([^ ]*\)$/  {"\2", (void *) \&\2},/p'\'''
lt_cv_sys_global_symbol_to_c_name_address_lib_prefix='sed -n -e '\''s/^: \([^ ]*\) $/  {\"\1\", (void *) 0},/p'\'' -e '\''s/^[ABCDGIRSTW]* \([^ ]*\) \(lib[^ ]*\)$/  {"\2", (void *) \&\2},/p'\'' -e '\''s/^[ABCDGIRSTW]* \([^ ]*\) \([^ ]*\)$/  {"lib\2", (void *) \&\2},/p'\'''
lt_cv_sys_global_symbol_to_cdecl='sed -n -e '\''s/^T .* \(.*\)$/extern int \1();/p'\'' -e '\''s/^[ABCDGIRSTW]* .* \(.*\)$/extern char \1;/p'\'''
lt_cv_sys_max_cmd_len=1572864

## ----------------- ##
## Output variables. ##
## ----------------- ##

ACLOCAL='${SHELL} /home/dhubler/work/sipxecs/sipXfreeSwitch/config/missing --run aclocal-1.11'
AMDEPBACKSLASH='\'
AMDEP_FALSE='#'
AMDEP_TRUE=''
AMTAR='${SHELL} /home/dhubler/work/sipxecs/sipXfreeSwitch/config/missing --run tar'
AR='ar'
AUTOCONF='${SHELL} /home/dhubler/work/sipxecs/sipXfreeSwitch/config/missing --run autoconf'
AUTOHEADER='${SHELL} /home/dhubler/work/sipxecs/sipXfreeSwitch/config/missing --run autoheader'
AUTOMAKE='${SHELL} /home/dhubler/work/sipxecs/sipXfreeSwitch/config/missing --run automake-1.11'
AWK='gawk'
BASH='/bin/sh'
CC='gcc'
CCDEPMODE='depmode=gcc3'
CFLAGS='-I/opt/sipx-0.0.4.5.2/include -g -O2 -D__pingtel_on_posix__ -D_linux_ -D_REENTRANT -D_FILE_OFFSET_BITS=64 -fmessage-length=0 -Wall -Wformat -Wwrite-strings -Wpointer-arith -Wnested-externs -Wmissing-declarations -Wmissing-prototypes'
CPP='gcc -E'
CPPFLAGS=''
CPPUNIT_CFLAGS=''
CPPUNIT_LDFLAGS=''
CXX='g++'
CXXCPP='g++ -E'
CXXDEPMODE='depmode=gcc3'
CXXFLAGS='-I/opt/sipx-0.0.4.5.2/include -g -O2 -D__pingtel_on_posix__ -D_linux_ -D_REENTRANT -D_FILE_OFFSET_BITS=64 -fmessage-length=0 -Wall -Wformat -Wwrite-strings -Wpointer-arith'
CYGPATH_W='echo'
DEFS='-DPACKAGE_NAME=\"sipXfreeSwitch\" -DPACKAGE_TARNAME=\"sipxfreeswitch\" -DPACKAGE_VERSION=\"0.0.4.5.2\" -DPACKAGE_STRING=\"sipXfreeSwitch\ 0.0.4.5.2\" -DPACKAGE_BUGREPORT=\"sipx-dev@list.sipfoundry.org\" -DPACKAGE_URL=\"\" -DPACKAGE=\"sipxfreeswitch\" -DVERSION=\"0.0.4.5.2\" -DSTDC_HEADERS=1 -DHAVE_SYS_TYPES_H=1 -DHAVE_SYS_STAT_H=1 -DHAVE_STDLIB_H=1 -DHAVE_STRING_H=1 -DHAVE_MEMORY_H=1 -DHAVE_STRINGS_H=1 -DHAVE_INTTYPES_H=1 -DHAVE_STDINT_H=1 -DHAVE_UNISTD_H=1 -DHAVE_DLFCN_H=1 -DLT_OBJDIR=\".libs/\" -DPACKAGE_REVISION=\"153.gd1768\"'
DEPDIR='.deps'
DSYMUTIL=''
DUMPBIN=''
ECHO_C=''
ECHO_N='-n'
ECHO_T=''
EGREP='/bin/grep -E'
EXEEXT=''
FGREP='/bin/grep -F'
FREESWITCH_PREFIX='/opt/freeswitch'
GREP='/bin/grep'
INSTALL_DATA='${INSTALL} -m 644'
INSTALL_PROGRAM='${INSTALL}'
INSTALL_SCRIPT='${INSTALL}'
INSTALL_STRIP_PROGRAM='$(install_sh) -c -s'
ISGCC_FALSE='#'
ISGCC_TRUE=''
LD='/usr/bin/ld -m elf_x86_64'
LDFLAGS='-L/opt/sipx-0.0.4.5.2/lib '
LIBOBJS=''
LIBS=''
LIBTOOL='$(SHELL) $(top_builddir)/libtool'
LIPO=''
LN_S='ln -s'
LTLIBOBJS=''
MAKEINFO='${SHELL} /home/dhubler/work/sipxecs/sipXfreeSwitch/config/missing --run makeinfo'
MKDIR_P='/bin/mkdir -p'
NM='/usr/bin/nm -B'
NMEDIT=''
OBJDUMP='objdump'
OBJEXT='o'
OPENFIRE_HOME='/opt/openfire'
OTOOL64=''
OTOOL=''
PACKAGE='sipxfreeswitch'
PACKAGE_BUGREPORT='sipx-dev@list.sipfoundry.org'
PACKAGE_NAME='sipXfreeSwitch'
PACKAGE_REVISION='153.gd1768'
PACKAGE_STRING='sipXfreeSwitch 0.0.4.5.2'
PACKAGE_TARNAME='sipxfreeswitch'
PACKAGE_URL=''
PACKAGE_VERSION='0.0.4.5.2'
PATH_SEPARATOR=':'
RANLIB='ranlib'
SED='/bin/sed'
SET_MAKE=''
SHELL='/bin/sh'
SIPXECS_NAME='sipXecs'
SIPXPBXGROUP='dhubler'
SIPXPBXUSER='dhubler'
SIPX_BINDIR='${exec_prefix}/bin'
SIPX_CONFDIR='${prefix}/etc/sipxpbx'
SIPX_DATADIR='${datarootdir}/sipxecs'
SIPX_DBDIR='${prefix}/var/sipxdata/sipdb'
SIPX_DOCDIR='${datarootdir}/doc/sipxecs'
SIPX_INCDIR='${prefix}/include'
SIPX_INTEROP='${datarootdir}/sipxecs/interop'
SIPX_JAVADIR='${datarootdir}/java/sipXecs'
SIPX_LIBDIR='${exec_prefix}/lib'
SIPX_LIBEXECDIR='${exec_prefix}/libexec/sipXecs'
SIPX_LOGDIR='${prefix}/var/log/sipxpbx'
SIPX_RPM_CONFIGURE_OPTIONS='SIPXPBXUSER=sipxchange'
SIPX_RUNDIR='${prefix}/var/run/sipxpbx'
SIPX_TMPDIR='${prefix}/var/sipxdata/tmp'
SIPX_VARDIR='${prefix}/var/sipxdata'
SIPX_VARLIB='${prefix}/var/lib/sipxpbx'
SIPX_VXMLDATADIR='${prefix}/var/sipxdata/mediaserver/data'
STRIP='strip'
USE_IBM_JVM='0'
VERSION='0.0.4.5.2'
XARGS_REPLACE='-I '
ac_ct_CC='gcc'
ac_ct_CXX='g++'
ac_ct_DUMPBIN=''
am__EXEEXT_FALSE=''
am__EXEEXT_TRUE='#'
am__fastdepCC_FALSE='#'
am__fastdepCC_TRUE=''
am__fastdepCXX_FALSE='#'
am__fastdepCXX_TRUE=''
am__include='include'
am__isrc=' -I$(srcdir)'
am__leading_dot='.'
am__quote=''
am__tar='tar --format=ustar -chf - "$$tardir"'
am__untar='tar -xf -'
bindir='${exec_prefix}/bin'
build='x86_64-unknown-linux-gnu'
build_alias=''
build_cpu='x86_64'
build_os='linux-gnu'
build_vendor='unknown'
datadir='${datarootdir}'
datarootdir='${prefix}/share'
docdir='${datarootdir}/doc/${PACKAGE_TARNAME}'
dvidir='${docdir}'
exec_prefix='${prefix}'
host='x86_64-unknown-linux-gnu'
host_alias=''
host_cpu='x86_64'
host_os='linux-gnu'
host_vendor='unknown'
htmldir='${docdir}'
includedir='${prefix}/include'
infodir='${datarootdir}/info'
install_sh='${SHELL} /home/dhubler/work/sipxecs/sipXfreeSwitch/config/install-sh'
libdir='${exec_prefix}/lib'
libexecdir='${exec_prefix}/libexec'
localedir='${datarootdir}/locale'
localstatedir='${prefix}/var'
mandir='${datarootdir}/man'
mkdir_p='/bin/mkdir -p'
oldincludedir='/usr/include'
pdfdir='${docdir}'
prefix='/opt/sipx-0.0.4.5.2'
program_transform_name='s,x,x,'
psdir='${docdir}'
sbindir='${exec_prefix}/sbin'
sharedstatedir='${prefix}/com'
sysconfdir='${prefix}/etc'
target_alias=''
wwwdir='${datadir}/www'

## ----------- ##
## confdefs.h. ##
## ----------- ##

/* confdefs.h */
#define PACKAGE_NAME "sipXfreeSwitch"
#define PACKAGE_TARNAME "sipxfreeswitch"
#define PACKAGE_VERSION "0.0.4.5.2"
#define PACKAGE_STRING "sipXfreeSwitch 0.0.4.5.2"
#define PACKAGE_BUGREPORT "sipx-dev@list.sipfoundry.org"
#define PACKAGE_URL ""
#define PACKAGE "sipxfreeswitch"
#define VERSION "0.0.4.5.2"
#define STDC_HEADERS 1
#define HAVE_SYS_TYPES_H 1
#define HAVE_SYS_STAT_H 1
#define HAVE_STDLIB_H 1
#define HAVE_STRING_H 1
#define HAVE_MEMORY_H 1
#define HAVE_STRINGS_H 1
#define HAVE_INTTYPES_H 1
#define HAVE_STDINT_H 1
#define HAVE_UNISTD_H 1
#define HAVE_DLFCN_H 1
#define LT_OBJDIR ".libs/"
#define PACKAGE_REVISION "153.gd1768"

configure: exit 0

## ---------------------- ##
## Running config.status. ##
## ---------------------- ##

This file was extended by sipXfreeSwitch config.status 0.0.4.5.2, which was
generated by GNU Autoconf 2.66.  Invocation command line was

  CONFIG_FILES    = 
  CONFIG_HEADERS  = 
  CONFIG_LINKS    = 
  CONFIG_COMMANDS = 
  $ ./config.status etc/Makefile

on swift.hubler.us

config.status:1087: creating etc/Makefile

## ---------------------- ##
## Running config.status. ##
## ---------------------- ##

This file was extended by sipXfreeSwitch config.status 0.0.4.5.2, which was
generated by GNU Autoconf 2.66.  Invocation command line was

  CONFIG_FILES    = 
  CONFIG_HEADERS  = 
  CONFIG_LINKS    = 
  CONFIG_COMMANDS = 
  $ ./config.status etc/Makefile

on swift.hubler.us

config.status:1087: creating etc/Makefile

## ---------------------- ##
## Running config.status. ##
## ---------------------- ##

This file was extended by sipXfreeSwitch config.status 0.0.4.5.2, which was
generated by GNU Autoconf 2.66.  Invocation command line was

  CONFIG_FILES    = 
  CONFIG_HEADERS  = 
  CONFIG_LINKS    = 
  CONFIG_COMMANDS = 
  $ ./config.status etc/Makefile

on swift.hubler.us

config.status:1087: creating etc/Makefile

## ---------------------- ##
## Running config.status. ##
## ---------------------- ##

This file was extended by sipXfreeSwitch config.status 0.0.4.5.2, which was
generated by GNU Autoconf 2.66.  Invocation command line was

  CONFIG_FILES    = 
  CONFIG_HEADERS  = 
  CONFIG_LINKS    = 
  CONFIG_COMMANDS = 
  $ ./config.status bin/Makefile

on swift.hubler.us

config.status:1087: creating bin/Makefile

## ---------------------- ##
## Running config.status. ##
## ---------------------- ##

This file was extended by sipXfreeSwitch config.status 0.0.4.5.2, which was
generated by GNU Autoconf 2.66.  Invocation command line was

  CONFIG_FILES    = 
  CONFIG_HEADERS  = 
  CONFIG_LINKS    = 
  CONFIG_COMMANDS = 
  $ ./config.status etc/Makefile

on swift.hubler.us

config.status:1087: creating etc/Makefile

## ---------------------- ##
## Running config.status. ##
## ---------------------- ##

This file was extended by sipXfreeSwitch config.status 0.0.4.5.2, which was
generated by GNU Autoconf 2.66.  Invocation command line was

  CONFIG_FILES    = 
  CONFIG_HEADERS  = 
  CONFIG_LINKS    = 
  CONFIG_COMMANDS = 
  $ ./config.status etc/Makefile

on swift.hubler.us

config.status:1087: creating etc/Makefile

## ---------------------- ##
## Running config.status. ##
## ---------------------- ##

This file was extended by sipXfreeSwitch config.status 0.0.4.5.2, which was
generated by GNU Autoconf 2.66.  Invocation command line was

  CONFIG_FILES    = 
  CONFIG_HEADERS  = 
  CONFIG_LINKS    = 
  CONFIG_COMMANDS = 
  $ ./config.status etc/Makefile

on swift.hubler.us

config.status:1087: creating etc/Makefile
