This file contains any messages produced by compilers while
running configure, to aid debugging if configure makes a mistake.

It was created by sipXportLib configure 0.0.4.5.2, which was
generated by GNU Autoconf 2.66.  Invocation command line was

  $ /home/joegen/sipxecs/sipXportLib/configure --disable-option-checking --prefix=/home/joegen/sipxecs-bin

## --------- ##
## Platform. ##
## --------- ##

hostname = sipx-fedora-14.sipxdevel.local
uname -m = i686
uname -r = 2.6.35.10-74.fc14.i686
uname -s = Linux
uname -v = #1 SMP Thu Dec 23 16:17:40 UTC 2010

/usr/bin/uname -p = unknown
/bin/uname -X     = unknown

/bin/arch              = i686
/usr/bin/arch -k       = unknown
/usr/convex/getsysinfo = unknown
/usr/bin/hostinfo      = unknown
/bin/machine           = unknown
/usr/bin/oslevel       = unknown
/bin/universe          = unknown

PATH: /usr/local/bin
PATH: /usr/bin
PATH: /bin
PATH: /usr/local/sbin
PATH: /usr/sbin
PATH: /sbin
PATH: /home/joegen/bin


## ----------- ##
## Core tests. ##
## ----------- ##

configure:2670: checking for a BSD-compatible install
configure:2738: result: /usr/bin/install -c
configure:2749: checking whether build environment is sane
configure:2799: result: yes
configure:2940: checking for a thread-safe mkdir -p
configure:2979: result: /bin/mkdir -p
configure:2992: checking for gawk
configure:3008: found /usr/bin/gawk
configure:3019: result: gawk
configure:3030: checking whether make sets $(MAKE)
configure:3052: result: yes
configure:3127: checking how to create a ustar tar archive
configure:3140: tar --version
tar (GNU tar) 1.23
Copyright (C) 2010 Free Software Foundation, Inc.
License GPLv3+: GNU GPL version 3 or later <http://gnu.org/licenses/gpl.html>.
This is free software: you are free to change and redistribute it.
There is NO WARRANTY, to the extent permitted by law.

Written by John Gilmore and Jay Fenlason.
configure:3143: $? = 0
configure:3183: tardir=conftest.dir && eval tar --format=ustar -chf - "$tardir" >conftest.tar
configure:3186: $? = 0
configure:3190: tar -xf - <conftest.tar
configure:3193: $? = 0
configure:3206: result: gnutar
configure:3214: checking for automake version >= 1.6
configure:3247: result: 1.11.1 is ok
configure:3285: checking build system type
configure:3299: result: i686-pc-linux-gnu
configure:3319: checking host system type
configure:3332: result: i686-pc-linux-gnu
configure:3373: checking how to print strings
configure:3400: result: printf
configure:3433: checking for style of include used by make
configure:3461: result: GNU
configure:3531: checking for gcc
configure:3547: found /usr/bin/gcc
configure:3558: result: gcc
configure:3787: checking for C compiler version
configure:3796: gcc --version >&5
gcc (GCC) 4.5.1 20100924 (Red Hat 4.5.1-4)
Copyright (C) 2010 Free Software Foundation, Inc.
This is free software; see the source for copying conditions.  There is NO
warranty; not even for MERCHANTABILITY or FITNESS FOR A PARTICULAR PURPOSE.

configure:3807: $? = 0
configure:3796: gcc -v >&5
Using built-in specs.
COLLECT_GCC=gcc
COLLECT_LTO_WRAPPER=/usr/libexec/gcc/i686-redhat-linux/4.5.1/lto-wrapper
Target: i686-redhat-linux
Configured with: ../configure --prefix=/usr --mandir=/usr/share/man --infodir=/usr/share/info --with-bugurl=http://bugzilla.redhat.com/bugzilla --enable-bootstrap --enable-shared --enable-threads=posix --enable-checking=release --with-system-zlib --enable-__cxa_atexit --disable-libunwind-exceptions --enable-gnu-unique-object --enable-linker-build-id --enable-languages=c,c++,objc,obj-c++,java,fortran,ada,lto --enable-plugin --enable-java-awt=gtk --disable-dssi --with-java-home=/usr/lib/jvm/java-1.5.0-gcj-1.5.0.0/jre --enable-libgcj-multifile --enable-java-maintainer-mode --with-ecj-jar=/usr/share/java/eclipse-ecj.jar --disable-libjava-multilib --with-ppl --with-cloog --with-tune=generic --with-arch=i686 --build=i686-redhat-linux
Thread model: posix
gcc version 4.5.1 20100924 (Red Hat 4.5.1-4) (GCC) 
configure:3807: $? = 0
configure:3796: gcc -V >&5
gcc: '-V' option must have argument
configure:3807: $? = 1
configure:3796: gcc -qversion >&5
gcc: unrecognized option '-qversion'
gcc: no input files
configure:3807: $? = 1
configure:3827: checking whether the C compiler works
configure:3849: gcc    conftest.c  >&5
configure:3853: $? = 0
configure:3901: result: yes
configure:3904: checking for C compiler default output file name
configure:3906: result: a.out
configure:3912: checking for suffix of executables
configure:3919: gcc -o conftest    conftest.c  >&5
configure:3923: $? = 0
configure:3945: result: 
configure:3967: checking whether we are cross compiling
configure:3975: gcc -o conftest    conftest.c  >&5
configure:3979: $? = 0
configure:3986: ./conftest
configure:3990: $? = 0
configure:4005: result: no
configure:4010: checking for suffix of object files
configure:4032: gcc -c   conftest.c >&5
configure:4036: $? = 0
configure:4057: result: o
configure:4061: checking whether we are using the GNU C compiler
configure:4080: gcc -c   conftest.c >&5
configure:4080: $? = 0
configure:4089: result: yes
configure:4098: checking whether gcc accepts -g
configure:4118: gcc -c -g  conftest.c >&5
configure:4118: $? = 0
configure:4159: result: yes
configure:4176: checking for gcc option to accept ISO C89
configure:4240: gcc  -c -g -O2  conftest.c >&5
configure:4240: $? = 0
configure:4253: result: none needed
configure:4275: checking dependency style of gcc
configure:4385: result: gcc3
configure:4400: checking for a sed that does not truncate output
configure:4464: result: /bin/sed
configure:4482: checking for grep that handles long lines and -e
configure:4540: result: /bin/grep
configure:4545: checking for egrep
configure:4607: result: /bin/grep -E
configure:4612: checking for fgrep
configure:4674: result: /bin/grep -F
configure:4709: checking for ld used by gcc
configure:4776: result: /usr/bin/ld
configure:4783: checking if the linker (/usr/bin/ld) is GNU ld
configure:4798: result: yes
configure:4810: checking for BSD- or MS-compatible name lister (nm)
configure:4859: result: /usr/bin/nm -B
configure:4989: checking the name lister (/usr/bin/nm -B) interface
configure:4996: gcc -c -g -O2  conftest.c >&5
configure:4999: /usr/bin/nm -B "conftest.o"
configure:5002: output
00000000 B some_variable
configure:5009: result: BSD nm
configure:5012: checking whether ln -s works
configure:5016: result: yes
configure:5024: checking the maximum length of command line arguments
configure:5149: result: 1572864
configure:5166: checking whether the shell understands some XSI constructs
configure:5176: result: yes
configure:5180: checking whether the shell understands "+="
configure:5186: result: yes
configure:5221: checking for /usr/bin/ld option to reload object files
configure:5228: result: -r
configure:5297: checking for objdump
configure:5313: found /usr/bin/objdump
configure:5324: result: objdump
configure:5356: checking how to recognize dependent libraries
configure:5558: result: pass_all
configure:5618: checking for ar
configure:5634: found /usr/bin/ar
configure:5645: result: ar
configure:5723: checking for strip
configure:5739: found /usr/bin/strip
configure:5750: result: strip
configure:5822: checking for ranlib
configure:5838: found /usr/bin/ranlib
configure:5849: result: ranlib
configure:5951: checking command to parse /usr/bin/nm -B output from gcc object
configure:6069: gcc -c -g -O2  conftest.c >&5
configure:6072: $? = 0
configure:6076: /usr/bin/nm -B conftest.o \| sed -n -e 's/^.*[ ]\([ABCDGIRSTW][ABCDGIRSTW]*\)[ ][ ]*\([_A-Za-z][_A-Za-z0-9]*\)$/\1 \2 \2/p' \> conftest.nm
configure:6079: $? = 0
configure:6133: gcc -o conftest -g -O2   conftest.c conftstm.o >&5
configure:6136: $? = 0
configure:6174: result: ok
configure:7015: checking how to run the C preprocessor
configure:7046: gcc -E  conftest.c
configure:7046: $? = 0
configure:7060: gcc -E  conftest.c
conftest.c:11:28: fatal error: ac_nonexistent.h: No such file or directory
compilation terminated.
configure:7060: $? = 1
configure: failed program was:
| /* confdefs.h */
| #define PACKAGE_NAME "sipXportLib"
| #define PACKAGE_TARNAME "sipxportlib"
| #define PACKAGE_VERSION "0.0.4.5.2"
| #define PACKAGE_STRING "sipXportLib 0.0.4.5.2"
| #define PACKAGE_BUGREPORT "sipx-dev@list.sipfoundry.org"
| #define PACKAGE_URL ""
| #define PACKAGE "sipxportlib"
| #define VERSION "0.0.4.5.2"
| /* end confdefs.h.  */
| #include <ac_nonexistent.h>
configure:7085: result: gcc -E
configure:7105: gcc -E  conftest.c
configure:7105: $? = 0
configure:7119: gcc -E  conftest.c
conftest.c:11:28: fatal error: ac_nonexistent.h: No such file or directory
compilation terminated.
configure:7119: $? = 1
configure: failed program was:
| /* confdefs.h */
| #define PACKAGE_NAME "sipXportLib"
| #define PACKAGE_TARNAME "sipxportlib"
| #define PACKAGE_VERSION "0.0.4.5.2"
| #define PACKAGE_STRING "sipXportLib 0.0.4.5.2"
| #define PACKAGE_BUGREPORT "sipx-dev@list.sipfoundry.org"
| #define PACKAGE_URL ""
| #define PACKAGE "sipxportlib"
| #define VERSION "0.0.4.5.2"
| /* end confdefs.h.  */
| #include <ac_nonexistent.h>
configure:7148: checking for ANSI C header files
configure:7168: gcc -c -g -O2  conftest.c >&5
configure:7168: $? = 0
configure:7241: gcc -o conftest -g -O2   conftest.c  >&5
configure:7241: $? = 0
configure:7241: ./conftest
configure:7241: $? = 0
configure:7252: result: yes
configure:7265: checking for sys/types.h
configure:7265: gcc -c -g -O2  conftest.c >&5
configure:7265: $? = 0
configure:7265: result: yes
configure:7265: checking for sys/stat.h
configure:7265: gcc -c -g -O2  conftest.c >&5
configure:7265: $? = 0
configure:7265: result: yes
configure:7265: checking for stdlib.h
configure:7265: gcc -c -g -O2  conftest.c >&5
configure:7265: $? = 0
configure:7265: result: yes
configure:7265: checking for string.h
configure:7265: gcc -c -g -O2  conftest.c >&5
configure:7265: $? = 0
configure:7265: result: yes
configure:7265: checking for memory.h
configure:7265: gcc -c -g -O2  conftest.c >&5
configure:7265: $? = 0
configure:7265: result: yes
configure:7265: checking for strings.h
configure:7265: gcc -c -g -O2  conftest.c >&5
configure:7265: $? = 0
configure:7265: result: yes
configure:7265: checking for inttypes.h
configure:7265: gcc -c -g -O2  conftest.c >&5
configure:7265: $? = 0
configure:7265: result: yes
configure:7265: checking for stdint.h
configure:7265: gcc -c -g -O2  conftest.c >&5
configure:7265: $? = 0
configure:7265: result: yes
configure:7265: checking for unistd.h
configure:7265: gcc -c -g -O2  conftest.c >&5
configure:7265: $? = 0
configure:7265: result: yes
configure:7279: checking for dlfcn.h
configure:7279: gcc -c -g -O2  conftest.c >&5
configure:7279: $? = 0
configure:7279: result: yes
configure:7466: checking for objdir
configure:7481: result: .libs
configure:7748: checking if gcc supports -fno-rtti -fno-exceptions
configure:7766: gcc -c -g -O2  -fno-rtti -fno-exceptions conftest.c >&5
cc1: warning: command line option "-fno-rtti" is valid for C++/ObjC++ but not for C
configure:7770: $? = 0
configure:7783: result: no
configure:7803: checking for gcc option to produce PIC
configure:8088: result: -fPIC -DPIC
configure:8100: checking if gcc PIC flag -fPIC -DPIC works
configure:8118: gcc -c -g -O2  -fPIC -DPIC -DPIC conftest.c >&5
configure:8122: $? = 0
configure:8135: result: yes
configure:8159: checking if gcc static flag -static works
configure:8187: result: no
configure:8202: checking if gcc supports -c -o file.o
configure:8223: gcc -c -g -O2  -o out/conftest2.o conftest.c >&5
configure:8227: $? = 0
configure:8249: result: yes
configure:8257: checking if gcc supports -c -o file.o
configure:8304: result: yes
configure:8337: checking whether the gcc linker (/usr/bin/ld) supports shared libraries
configure:9412: result: yes
configure:9449: checking whether -lc should be explicitly linked in
configure:9457: gcc -c -g -O2  conftest.c >&5
configure:9460: $? = 0
configure:9475: gcc -shared conftest.o  -v -Wl,-soname -Wl,conftest -o conftest 2\>\&1 \| /bin/grep  -lc  \>/dev/null 2\>\&1
configure:9478: $? = 0
configure:9492: result: no
configure:9657: checking dynamic linker characteristics
configure:10112: gcc -o conftest -g -O2   -Wl,-rpath -Wl,/foo conftest.c  >&5
configure:10112: $? = 0
configure:10338: result: GNU/Linux ld.so
configure:10445: checking how to hardcode library paths into programs
configure:10470: result: immediate
configure:11010: checking whether stripping libraries is possible
configure:11015: result: yes
configure:11050: checking if libtool supports shared libraries
configure:11052: result: yes
configure:11055: checking whether to build shared libraries
configure:11076: result: yes
configure:11079: checking whether to build static libraries
configure:11083: result: yes
configure:11118: checking which extension is used for runtime loadable modules
configure:11128: result: .so
configure:11140: checking for bash
configure:11170: result: /bin/sh
configure:11236: checking for g++
configure:11252: found /usr/bin/g++
configure:11263: result: g++
configure:11290: checking for C++ compiler version
configure:11299: g++ --version >&5
g++ (GCC) 4.5.1 20100924 (Red Hat 4.5.1-4)
Copyright (C) 2010 Free Software Foundation, Inc.
This is free software; see the source for copying conditions.  There is NO
warranty; not even for MERCHANTABILITY or FITNESS FOR A PARTICULAR PURPOSE.

configure:11310: $? = 0
configure:11299: g++ -v >&5
Using built-in specs.
COLLECT_GCC=g++
COLLECT_LTO_WRAPPER=/usr/libexec/gcc/i686-redhat-linux/4.5.1/lto-wrapper
Target: i686-redhat-linux
Configured with: ../configure --prefix=/usr --mandir=/usr/share/man --infodir=/usr/share/info --with-bugurl=http://bugzilla.redhat.com/bugzilla --enable-bootstrap --enable-shared --enable-threads=posix --enable-checking=release --with-system-zlib --enable-__cxa_atexit --disable-libunwind-exceptions --enable-gnu-unique-object --enable-linker-build-id --enable-languages=c,c++,objc,obj-c++,java,fortran,ada,lto --enable-plugin --enable-java-awt=gtk --disable-dssi --with-java-home=/usr/lib/jvm/java-1.5.0-gcj-1.5.0.0/jre --enable-libgcj-multifile --enable-java-maintainer-mode --with-ecj-jar=/usr/share/java/eclipse-ecj.jar --disable-libjava-multilib --with-ppl --with-cloog --with-tune=generic --with-arch=i686 --build=i686-redhat-linux
Thread model: posix
gcc version 4.5.1 20100924 (Red Hat 4.5.1-4) (GCC) 
configure:11310: $? = 0
configure:11299: g++ -V >&5
g++: '-V' option must have argument
configure:11310: $? = 1
configure:11299: g++ -qversion >&5
g++: unrecognized option '-qversion'
g++: no input files
configure:11310: $? = 1
configure:11314: checking whether we are using the GNU C++ compiler
configure:11333: g++ -c   conftest.cpp >&5
configure:11333: $? = 0
configure:11342: result: yes
configure:11351: checking whether g++ accepts -g
configure:11371: g++ -c -g  conftest.cpp >&5
configure:11371: $? = 0
configure:11412: result: yes
configure:11437: checking dependency style of g++
configure:11547: result: gcc3
configure:11570: checking how to run the C++ preprocessor
configure:11597: g++ -E  conftest.cpp
configure:11597: $? = 0
configure:11611: g++ -E  conftest.cpp
conftest.cpp:24:28: fatal error: ac_nonexistent.h: No such file or directory
compilation terminated.
configure:11611: $? = 1
configure: failed program was:
| /* confdefs.h */
| #define PACKAGE_NAME "sipXportLib"
| #define PACKAGE_TARNAME "sipxportlib"
| #define PACKAGE_VERSION "0.0.4.5.2"
| #define PACKAGE_STRING "sipXportLib 0.0.4.5.2"
| #define PACKAGE_BUGREPORT "sipx-dev@list.sipfoundry.org"
| #define PACKAGE_URL ""
| #define PACKAGE "sipxportlib"
| #define VERSION "0.0.4.5.2"
| #define STDC_HEADERS 1
| #define HAVE_SYS_TYPES_H 1
| #define HAVE_SYS_STAT_H 1
| #define HAVE_STDLIB_H 1
| #define HAVE_STRING_H 1
| #define HAVE_MEMORY_H 1
| #define HAVE_STRINGS_H 1
| #define HAVE_INTTYPES_H 1
| #define HAVE_STDINT_H 1
| #define HAVE_UNISTD_H 1
| #define HAVE_DLFCN_H 1
| #define LT_OBJDIR ".libs/"
| #define LT_MODULE_EXT ".so"
| /* end confdefs.h.  */
| #include <ac_nonexistent.h>
configure:11636: result: g++ -E
configure:11656: g++ -E  conftest.cpp
configure:11656: $? = 0
configure:11670: g++ -E  conftest.cpp
conftest.cpp:24:28: fatal error: ac_nonexistent.h: No such file or directory
compilation terminated.
configure:11670: $? = 1
configure: failed program was:
| /* confdefs.h */
| #define PACKAGE_NAME "sipXportLib"
| #define PACKAGE_TARNAME "sipxportlib"
| #define PACKAGE_VERSION "0.0.4.5.2"
| #define PACKAGE_STRING "sipXportLib 0.0.4.5.2"
| #define PACKAGE_BUGREPORT "sipx-dev@list.sipfoundry.org"
| #define PACKAGE_URL ""
| #define PACKAGE "sipxportlib"
| #define VERSION "0.0.4.5.2"
| #define STDC_HEADERS 1
| #define HAVE_SYS_TYPES_H 1
| #define HAVE_SYS_STAT_H 1
| #define HAVE_STDLIB_H 1
| #define HAVE_STRING_H 1
| #define HAVE_MEMORY_H 1
| #define HAVE_STRINGS_H 1
| #define HAVE_INTTYPES_H 1
| #define HAVE_STDINT_H 1
| #define HAVE_UNISTD_H 1
| #define HAVE_DLFCN_H 1
| #define LT_OBJDIR ".libs/"
| #define LT_MODULE_EXT ".so"
| /* end confdefs.h.  */
| #include <ac_nonexistent.h>
configure:11838: checking for ld used by g++
configure:11905: result: /usr/bin/ld
configure:11912: checking if the linker (/usr/bin/ld) is GNU ld
configure:11927: result: yes
configure:11982: checking whether the g++ linker (/usr/bin/ld) supports shared libraries
configure:12914: result: yes
configure:12942: g++ -c -g -O2  conftest.cpp >&5
configure:12945: $? = 0
configure:13127: checking for g++ option to produce PIC
configure:13449: result: -fPIC -DPIC
configure:13458: checking if g++ PIC flag -fPIC -DPIC works
configure:13476: g++ -c -g -O2  -fPIC -DPIC -DPIC conftest.cpp >&5
configure:13480: $? = 0
configure:13493: result: yes
configure:13514: checking if g++ static flag -static works
configure:13542: result: no
configure:13554: checking if g++ supports -c -o file.o
configure:13575: g++ -c -g -O2  -o out/conftest2.o conftest.cpp >&5
configure:13579: $? = 0
configure:13601: result: yes
configure:13606: checking if g++ supports -c -o file.o
configure:13653: result: yes
configure:13683: checking whether the g++ linker (/usr/bin/ld) supports shared libraries
configure:13711: result: yes
configure:13854: checking dynamic linker characteristics
configure:14469: result: GNU/Linux ld.so
configure:14522: checking how to hardcode library paths into programs
configure:14547: result: immediate
configure:14587: checking for C compiler vendor
configure:14611: gcc -c -g -O2  conftest.c >&5
conftest.c: In function 'main':
conftest.c:30:7: error: 'thisisanerror' undeclared (first use in this function)
conftest.c:30:7: note: each undeclared identifier is reported only once for each function it appears in
configure:14611: $? = 1
configure: failed program was:
| /* confdefs.h */
| #define PACKAGE_NAME "sipXportLib"
| #define PACKAGE_TARNAME "sipxportlib"
| #define PACKAGE_VERSION "0.0.4.5.2"
| #define PACKAGE_STRING "sipXportLib 0.0.4.5.2"
| #define PACKAGE_BUGREPORT "sipx-dev@list.sipfoundry.org"
| #define PACKAGE_URL ""
| #define PACKAGE "sipxportlib"
| #define VERSION "0.0.4.5.2"
| #define STDC_HEADERS 1
| #define HAVE_SYS_TYPES_H 1
| #define HAVE_SYS_STAT_H 1
| #define HAVE_STDLIB_H 1
| #define HAVE_STRING_H 1
| #define HAVE_MEMORY_H 1
| #define HAVE_STRINGS_H 1
| #define HAVE_INTTYPES_H 1
| #define HAVE_STDINT_H 1
| #define HAVE_UNISTD_H 1
| #define HAVE_DLFCN_H 1
| #define LT_OBJDIR ".libs/"
| #define LT_MODULE_EXT ".so"
| /* end confdefs.h.  */
| 
| int
| main ()
| {
| 
| #if !(defined(__ICC) || defined(__ECC) || defined(__INTEL_COMPILER))
|       thisisanerror;
| #endif
| 
|   ;
|   return 0;
| }
configure:14611: gcc -c -g -O2  conftest.c >&5
conftest.c: In function 'main':
conftest.c:30:7: error: 'thisisanerror' undeclared (first use in this function)
conftest.c:30:7: note: each undeclared identifier is reported only once for each function it appears in
configure:14611: $? = 1
configure: failed program was:
| /* confdefs.h */
| #define PACKAGE_NAME "sipXportLib"
| #define PACKAGE_TARNAME "sipxportlib"
| #define PACKAGE_VERSION "0.0.4.5.2"
| #define PACKAGE_STRING "sipXportLib 0.0.4.5.2"
| #define PACKAGE_BUGREPORT "sipx-dev@list.sipfoundry.org"
| #define PACKAGE_URL ""
| #define PACKAGE "sipxportlib"
| #define VERSION "0.0.4.5.2"
| #define STDC_HEADERS 1
| #define HAVE_SYS_TYPES_H 1
| #define HAVE_SYS_STAT_H 1
| #define HAVE_STDLIB_H 1
| #define HAVE_STRING_H 1
| #define HAVE_MEMORY_H 1
| #define HAVE_STRINGS_H 1
| #define HAVE_INTTYPES_H 1
| #define HAVE_STDINT_H 1
| #define HAVE_UNISTD_H 1
| #define HAVE_DLFCN_H 1
| #define LT_OBJDIR ".libs/"
| #define LT_MODULE_EXT ".so"
| /* end confdefs.h.  */
| 
| int
| main ()
| {
| 
| #if !(defined(__xlc__) || defined(__xlC__) || defined(__IBMC__) || defined(__IBMCPP__))
|       thisisanerror;
| #endif
| 
|   ;
|   return 0;
| }
configure:14611: gcc -c -g -O2  conftest.c >&5
configure:14611: $? = 0
configure:14618: result: gnu
configure:14669: checking for gcc
configure:14696: result: gcc
configure:14925: checking for C compiler version
configure:14934: gcc --version >&5
gcc (GCC) 4.5.1 20100924 (Red Hat 4.5.1-4)
Copyright (C) 2010 Free Software Foundation, Inc.
This is free software; see the source for copying conditions.  There is NO
warranty; not even for MERCHANTABILITY or FITNESS FOR A PARTICULAR PURPOSE.

configure:14945: $? = 0
configure:14934: gcc -v >&5
Using built-in specs.
COLLECT_GCC=gcc
COLLECT_LTO_WRAPPER=/usr/libexec/gcc/i686-redhat-linux/4.5.1/lto-wrapper
Target: i686-redhat-linux
Configured with: ../configure --prefix=/usr --mandir=/usr/share/man --infodir=/usr/share/info --with-bugurl=http://bugzilla.redhat.com/bugzilla --enable-bootstrap --enable-shared --enable-threads=posix --enable-checking=release --with-system-zlib --enable-__cxa_atexit --disable-libunwind-exceptions --enable-gnu-unique-object --enable-linker-build-id --enable-languages=c,c++,objc,obj-c++,java,fortran,ada,lto --enable-plugin --enable-java-awt=gtk --disable-dssi --with-java-home=/usr/lib/jvm/java-1.5.0-gcj-1.5.0.0/jre --enable-libgcj-multifile --enable-java-maintainer-mode --with-ecj-jar=/usr/share/java/eclipse-ecj.jar --disable-libjava-multilib --with-ppl --with-cloog --with-tune=generic --with-arch=i686 --build=i686-redhat-linux
Thread model: posix
gcc version 4.5.1 20100924 (Red Hat 4.5.1-4) (GCC) 
configure:14945: $? = 0
configure:14934: gcc -V >&5
gcc: '-V' option must have argument
configure:14945: $? = 1
configure:14934: gcc -qversion >&5
gcc: unrecognized option '-qversion'
gcc: no input files
configure:14945: $? = 1
configure:14949: checking whether we are using the GNU C compiler
configure:14977: result: yes
configure:14986: checking whether gcc accepts -g
configure:15047: result: yes
configure:15064: checking for gcc option to accept ISO C89
configure:15141: result: none needed
configure:15163: checking dependency style of gcc
configure:15273: result: gcc3
configure:15289: checking for xargs replace option
configure:15296: result: -I
configure:15311: checking whether MSG_NOSIGNAL exists
configure:15327: gcc -c -g -O2  conftest.c >&5
configure:15327: $? = 0
configure:15329: result: yes
configure:15342: checking for librt
configure:15355: result: -lrt
configure:15364: checking for library containing dlopen
configure:15395: gcc -o conftest -g -O2   conftest.c  >&5
/tmp/cc31AIDo.o: In function `main':
/home/joegen/sipxecs/sipXportLib/conftest.c:35: undefined reference to `dlopen'
collect2: ld returned 1 exit status
configure:15395: $? = 1
configure: failed program was:
| /* confdefs.h */
| #define PACKAGE_NAME "sipXportLib"
| #define PACKAGE_TARNAME "sipxportlib"
| #define PACKAGE_VERSION "0.0.4.5.2"
| #define PACKAGE_STRING "sipXportLib 0.0.4.5.2"
| #define PACKAGE_BUGREPORT "sipx-dev@list.sipfoundry.org"
| #define PACKAGE_URL ""
| #define PACKAGE "sipxportlib"
| #define VERSION "0.0.4.5.2"
| #define STDC_HEADERS 1
| #define HAVE_SYS_TYPES_H 1
| #define HAVE_SYS_STAT_H 1
| #define HAVE_STDLIB_H 1
| #define HAVE_STRING_H 1
| #define HAVE_MEMORY_H 1
| #define HAVE_STRINGS_H 1
| #define HAVE_INTTYPES_H 1
| #define HAVE_STDINT_H 1
| #define HAVE_UNISTD_H 1
| #define HAVE_DLFCN_H 1
| #define LT_OBJDIR ".libs/"
| #define LT_MODULE_EXT ".so"
| /* end confdefs.h.  */
| 
| /* Override any GCC internal prototype to avoid an error.
|    Use char because int might match the return type of a GCC
|    builtin and then its argument prototype would still apply.  */
| #ifdef __cplusplus
| extern "C"
| #endif
| char dlopen ();
| int
| main ()
| {
| return dlopen ();
|   ;
|   return 0;
| }
configure:15395: gcc -o conftest -g -O2   conftest.c -ldl   >&5
configure:15395: $? = 0
configure:15412: result: -ldl
configure:15456: checking for cppunit-config
configure:15474: found /usr/bin/cppunit-config
configure:15487: result: /usr/bin/cppunit-config
configure:15497: checking for Cppunit - version >= 1.9
configure:15543: result: 1.12.1
configure:15566: checking for pcre
configure:15667: result: 8.10 is ok
configure:15673: result:     pcre includes found in /usr/include
configure:15675: result:     pcre libraries found in /usr/lib
configure:15704: checking for openssl
configure:15722: found /usr/bin/openssl
configure:15734: result: /usr/bin/openssl
configure:15742: checking for openssl includes
configure:15762: result: /usr/include
configure:15774: checking for openssl libraries
configure:15805: result: /usr/lib
configure:15819: checking for extra kerberos includes
configure:15824: result: /usr/include/krb5.h
configure:16013: checking how to treat compilation warnings
configure:16017: result: strict mode - treat as errors
configure:16058: checking support for SIP over TLS
configure:16060: result: yes
configure:16069: checking for system type for process iterator (i686-pc-linux-gnu)
configure:16083: result: src/os/linux/OsProcessIteratorLinux.cpp
configure:16089: checking for setenv
configure:16089: gcc -o conftest -DSIP_TLS -I/home/joegen/sipxecs-bin/include -g -O2 -I/usr/include -D__pingtel_on_posix__ -D_linux_ -D_REENTRANT -D_FILE_OFFSET_BITS=64 -fmessage-length=0 -Wall -Wformat -Wwrite-strings -Wpointer-arith -Wno-strict-aliasing -fno-strict-aliasing -Werror -Wno-strict-aliasing -fno-strict-aliasing -Werror  -L/home/joegen/sipxecs-bin/lib  conftest.c -ldl  >&5
configure:16089: $? = 0
configure:16089: result: yes
configure:16232: creating ./config.status

## ---------------------- ##
## Running config.status. ##
## ---------------------- ##

This file was extended by sipXportLib config.status 0.0.4.5.2, which was
generated by GNU Autoconf 2.66.  Invocation command line was

  CONFIG_FILES    = 
  CONFIG_HEADERS  = 
  CONFIG_LINKS    = 
  CONFIG_COMMANDS = 
  $ ./config.status 

on sipx-fedora-14.sipxdevel.local

config.status:1191: creating Makefile
config.status:1191: creating include/Makefile
config.status:1191: creating bin/Makefile
config.status:1191: creating src/Makefile
config.status:1191: creating src/test/Makefile
config.status:1191: creating src/test/sipxunit/Makefile
config.status:1191: creating src/test/testplugin/Makefile
config.status:1191: creating syslogviewer/Makefile
config.status:1191: creating src/config.h
config.status:1371: src/config.h is unchanged
config.status:1431: linking src/os/linux/OsProcessIteratorLinux.cpp to src/os/OsProcessIterator.cpp
config.status:1450: executing depfiles commands
config.status:1450: executing libtool commands

## ---------------- ##
## Cache variables. ##
## ---------------- ##

ac_cv_build=i686-pc-linux-gnu
ac_cv_c_compiler_gnu=yes
ac_cv_cxx_compiler_gnu=yes
ac_cv_env_CCC_set=
ac_cv_env_CCC_value=
ac_cv_env_CC_set=
ac_cv_env_CC_value=
ac_cv_env_CFLAGS_set=
ac_cv_env_CFLAGS_value=
ac_cv_env_CPPFLAGS_set=
ac_cv_env_CPPFLAGS_value=
ac_cv_env_CPP_set=
ac_cv_env_CPP_value=
ac_cv_env_CXXCPP_set=
ac_cv_env_CXXCPP_value=
ac_cv_env_CXXFLAGS_set=
ac_cv_env_CXXFLAGS_value=
ac_cv_env_CXX_set=
ac_cv_env_CXX_value=
ac_cv_env_LDFLAGS_set=
ac_cv_env_LDFLAGS_value=
ac_cv_env_LIBS_set=
ac_cv_env_LIBS_value=
ac_cv_env_OPENFIRE_HOME_set=
ac_cv_env_OPENFIRE_HOME_value=
ac_cv_env_SIPXECS_NAME_set=
ac_cv_env_SIPXECS_NAME_value=
ac_cv_env_SIPXPBXGROUP_set=
ac_cv_env_SIPXPBXGROUP_value=
ac_cv_env_SIPXPBXUSER_set=
ac_cv_env_SIPXPBXUSER_value=
ac_cv_env_USE_IBM_JVM_set=
ac_cv_env_USE_IBM_JVM_value=
ac_cv_env_build_alias_set=
ac_cv_env_build_alias_value=
ac_cv_env_host_alias_set=
ac_cv_env_host_alias_value=
ac_cv_env_target_alias_set=
ac_cv_env_target_alias_value=
ac_cv_env_wwwdir_set=
ac_cv_env_wwwdir_value=
ac_cv_func_setenv=yes
ac_cv_header_dlfcn_h=yes
ac_cv_header_inttypes_h=yes
ac_cv_header_memory_h=yes
ac_cv_header_stdc=yes
ac_cv_header_stdint_h=yes
ac_cv_header_stdlib_h=yes
ac_cv_header_string_h=yes
ac_cv_header_strings_h=yes
ac_cv_header_sys_stat_h=yes
ac_cv_header_sys_types_h=yes
ac_cv_header_unistd_h=yes
ac_cv_host=i686-pc-linux-gnu
ac_cv_objext=o
ac_cv_path_BASH=/bin/sh
ac_cv_path_CPPUNIT_CONFIG=/usr/bin/cppunit-config
ac_cv_path_EGREP='/bin/grep -E'
ac_cv_path_FGREP='/bin/grep -F'
ac_cv_path_GREP=/bin/grep
ac_cv_path_OPENSSL=/usr/bin/openssl
ac_cv_path_SED=/bin/sed
ac_cv_path_install='/usr/bin/install -c'
ac_cv_path_mkdir=/bin/mkdir
ac_cv_prog_AWK=gawk
ac_cv_prog_CPP='gcc -E'
ac_cv_prog_CXXCPP='g++ -E'
ac_cv_prog_ac_ct_AR=ar
ac_cv_prog_ac_ct_CC=gcc
ac_cv_prog_ac_ct_CXX=g++
ac_cv_prog_ac_ct_OBJDUMP=objdump
ac_cv_prog_ac_ct_RANLIB=ranlib
ac_cv_prog_ac_ct_STRIP=strip
ac_cv_prog_cc_c89=
ac_cv_prog_cc_g=yes
ac_cv_prog_cxx_g=yes
ac_cv_prog_make_make_set=yes
ac_cv_search_dlopen=-ldl
am_cv_CC_dependencies_compiler_type=gcc3
am_cv_CXX_dependencies_compiler_type=gcc3
am_cv_prog_tar_ustar=gnutar
ax_cv_c_compiler_vendor=gnu
libltdl_cv_shlibext=.so
lt_cv_archive_cmds_need_lc=no
lt_cv_deplibs_check_method=pass_all
lt_cv_file_magic_cmd='$MAGIC_CMD'
lt_cv_file_magic_test_file=
lt_cv_ld_reload_flag=-r
lt_cv_nm_interface='BSD nm'
lt_cv_objdir=.libs
lt_cv_path_LD=/usr/bin/ld
lt_cv_path_LDCXX=/usr/bin/ld
lt_cv_path_NM='/usr/bin/nm -B'
lt_cv_prog_compiler_c_o=yes
lt_cv_prog_compiler_c_o_CXX=yes
lt_cv_prog_compiler_pic_works=yes
lt_cv_prog_compiler_pic_works_CXX=yes
lt_cv_prog_compiler_rtti_exceptions=no
lt_cv_prog_compiler_static_works=no
lt_cv_prog_compiler_static_works_CXX=no
lt_cv_prog_gnu_ld=yes
lt_cv_prog_gnu_ldcxx=yes
lt_cv_shlibpath_overrides_runpath=no
lt_cv_sys_global_symbol_pipe='sed -n -e '\''s/^.*[	 ]\([ABCDGIRSTW][ABCDGIRSTW]*\)[	 ][	 ]*\([_A-Za-z][_A-Za-z0-9]*\)$/\1 \2 \2/p'\'''
lt_cv_sys_global_symbol_to_c_name_address='sed -n -e '\''s/^: \([^ ]*\) $/  {\"\1\", (void *) 0},/p'\'' -e '\''s/^[ABCDGIRSTW]* \([^ ]*\) \([^ ]*\)$/  {"\2", (void *) \&\2},/p'\'''
lt_cv_sys_global_symbol_to_c_name_address_lib_prefix='sed -n -e '\''s/^: \([^ ]*\) $/  {\"\1\", (void *) 0},/p'\'' -e '\''s/^[ABCDGIRSTW]* \([^ ]*\) \(lib[^ ]*\)$/  {"\2", (void *) \&\2},/p'\'' -e '\''s/^[ABCDGIRSTW]* \([^ ]*\) \([^ ]*\)$/  {"lib\2", (void *) \&\2},/p'\'''
lt_cv_sys_global_symbol_to_cdecl='sed -n -e '\''s/^T .* \(.*\)$/extern int \1();/p'\'' -e '\''s/^[ABCDGIRSTW]* .* \(.*\)$/extern char \1;/p'\'''
lt_cv_sys_max_cmd_len=1572864

## ----------------- ##
## Output variables. ##
## ----------------- ##

ACLOCAL='${SHELL} /home/joegen/sipxecs/sipXportLib/config/missing --run aclocal-1.11'
AMDEPBACKSLASH='\'
AMDEP_FALSE='#'
AMDEP_TRUE=''
AMTAR='${SHELL} /home/joegen/sipxecs/sipXportLib/config/missing --run tar'
AR='ar'
AUTOCONF='${SHELL} /home/joegen/sipxecs/sipXportLib/config/missing --run autoconf'
AUTOHEADER='${SHELL} /home/joegen/sipxecs/sipXportLib/config/missing --run autoheader'
AUTOMAKE='${SHELL} /home/joegen/sipxecs/sipXportLib/config/missing --run automake-1.11'
AWK='gawk'
BASH='/bin/sh'
CC='gcc'
CCDEPMODE='depmode=gcc3'
CFLAGS='-DSIP_TLS -I/home/joegen/sipxecs-bin/include -g -O2 -I/usr/include -D__pingtel_on_posix__ -D_linux_ -D_REENTRANT -D_FILE_OFFSET_BITS=64 -fmessage-length=0 -Wall -Wformat -Wwrite-strings -Wpointer-arith -Wno-strict-aliasing -fno-strict-aliasing -Werror -Wno-strict-aliasing -fno-strict-aliasing -Werror'
CPP='gcc -E'
CPPFLAGS=''
CPPUNIT_CFLAGS=''
CPPUNIT_CONFIG='/usr/bin/cppunit-config'
CPPUNIT_LDFLAGS=''
CPPUNIT_LIBS='-lcppunit -ldl'
CXX='g++'
CXXCPP='g++ -E'
CXXDEPMODE='depmode=gcc3'
CXXFLAGS='-DSIP_TLS -I/home/joegen/sipxecs-bin/include -g -O2 -I/usr/include -D__pingtel_on_posix__ -D_linux_ -D_REENTRANT -D_FILE_OFFSET_BITS=64 -fmessage-length=0 -Wall -Wformat -Wwrite-strings -Wpointer-arith -Wno-strict-aliasing -fno-strict-aliasing -Werror'
CYGPATH_W='echo'
DEFS='-DHAVE_CONFIG_H'
DEPDIR='.deps'
DSYMUTIL=''
DUMPBIN=''
ECHO_C=''
ECHO_N='-n'
ECHO_T=''
EGREP='/bin/grep -E'
EXEEXT=''
FGREP='/bin/grep -F'
GREP='/bin/grep'
HAVE_SSL='yes'
INSTALL_DATA='${INSTALL} -m 644'
INSTALL_PROGRAM='${INSTALL}'
INSTALL_SCRIPT='${INSTALL}'
INSTALL_STRIP_PROGRAM='$(install_sh) -c -s'
ISGCC_FALSE='#'
ISGCC_TRUE=''
LD='/usr/bin/ld'
LDFLAGS='-L/home/joegen/sipxecs-bin/lib '
LIBOBJS=''
LIBS='-ldl '
LIBTOOL='$(SHELL) $(top_builddir)/libtool'
LIPO=''
LN_S='ln -s'
LTLIBOBJS=''
MAKEINFO='${SHELL} /home/joegen/sipxecs/sipXportLib/config/missing --run makeinfo'
MKDIR_P='/bin/mkdir -p'
NM='/usr/bin/nm -B'
NMEDIT=''
OBJDUMP='objdump'
OBJEXT='o'
OPENFIRE_HOME='/opt/openfire'
OPENSSL='/usr/bin/openssl'
OTOOL64=''
OTOOL=''
PACKAGE='sipxportlib'
PACKAGE_BUGREPORT='sipx-dev@list.sipfoundry.org'
PACKAGE_NAME='sipXportLib'
PACKAGE_REVISION='119.g5c90'
PACKAGE_STRING='sipXportLib 0.0.4.5.2'
PACKAGE_TARNAME='sipxportlib'
PACKAGE_URL=''
PACKAGE_VERSION='0.0.4.5.2'
PATH_SEPARATOR=':'
PCRE_CFLAGS='-I/usr/include'
PCRE_CXXFLAGS='-I/usr/include'
PCRE_LDFLAGS='-L/usr/lib'
PCRE_LIBS='-lpcre'
RANLIB='ranlib'
RT_LIBS='-lrt'
SED='/bin/sed'
SET_MAKE=''
SHELL='/bin/sh'
SIPXECS_NAME='sipXecs'
SIPXPBXGROUP='joegen'
SIPXPBXUSER='joegen'
SIPX_BINDIR='${exec_prefix}/bin'
SIPX_CONFDIR='${prefix}/etc/sipxpbx'
SIPX_DATADIR='${datarootdir}/sipxecs'
SIPX_DBDIR='${prefix}/var/sipxdata/sipdb'
SIPX_DOCDIR='${datarootdir}/doc/sipxecs'
SIPX_INCDIR='${prefix}/include'
SIPX_INTEROP='${datarootdir}/sipxecs/interop'
SIPX_JAVADIR='${datarootdir}/java/sipXecs'
SIPX_LIBDIR='${exec_prefix}/lib'
SIPX_LIBEXECDIR='${exec_prefix}/libexec/sipXecs'
SIPX_LOGDIR='${prefix}/var/log/sipxpbx'
SIPX_RPM_CONFIGURE_OPTIONS='SIPXPBXUSER=sipxchange'
SIPX_RUNDIR='${prefix}/var/run/sipxpbx'
SIPX_TMPDIR='${prefix}/var/sipxdata/tmp'
SIPX_VARDIR='${prefix}/var/sipxdata'
SIPX_VARLIB='${prefix}/var/lib/sipxpbx'
SIPX_VXMLDATADIR='${prefix}/var/sipxdata/mediaserver/data'
SSL_CFLAGS='-DHAVE_SSL'
SSL_CXXFLAGS='-DHAVE_SSL'
SSL_LDFLAGS='-L/usr/lib'
SSL_LIBS='-lssl -lcrypto'
STRIP='strip'
USE_IBM_JVM='0'
VERSION='0.0.4.5.2'
XARGS_REPLACE='-I '
ac_ct_CC='gcc'
ac_ct_CXX='g++'
ac_ct_DUMPBIN=''
am__EXEEXT_FALSE=''
am__EXEEXT_TRUE='#'
am__fastdepCC_FALSE='#'
am__fastdepCC_TRUE=''
am__fastdepCXX_FALSE='#'
am__fastdepCXX_TRUE=''
am__include='include'
am__isrc=''
am__leading_dot='.'
am__quote=''
am__tar='tar --format=ustar -chf - "$$tardir"'
am__untar='tar -xf -'
bindir='${exec_prefix}/bin'
build='i686-pc-linux-gnu'
build_alias=''
build_cpu='i686'
build_os='linux-gnu'
build_vendor='pc'
datadir='${datarootdir}'
datarootdir='${prefix}/share'
docdir='${datarootdir}/doc/${PACKAGE_TARNAME}'
dvidir='${docdir}'
exec_prefix='${prefix}'
host='i686-pc-linux-gnu'
host_alias=''
host_cpu='i686'
host_os='linux-gnu'
host_vendor='pc'
htmldir='${docdir}'
includedir='${prefix}/include'
infodir='${datarootdir}/info'
install_sh='${SHELL} /home/joegen/sipxecs/sipXportLib/config/install-sh'
libdir='${exec_prefix}/lib'
libexecdir='${exec_prefix}/libexec'
localedir='${datarootdir}/locale'
localstatedir='${prefix}/var'
mandir='${datarootdir}/man'
mkdir_p='/bin/mkdir -p'
oldincludedir='/usr/include'
pdfdir='${docdir}'
prefix='/home/joegen/sipxecs-bin'
program_transform_name='s,x,x,'
psdir='${docdir}'
sbindir='${exec_prefix}/sbin'
sharedstatedir='${prefix}/com'
sysconfdir='${prefix}/etc'
target_alias=''
wwwdir='${datadir}/www'

## ----------- ##
## confdefs.h. ##
## ----------- ##

/* confdefs.h */
#define PACKAGE_NAME "sipXportLib"
#define PACKAGE_TARNAME "sipxportlib"
#define PACKAGE_VERSION "0.0.4.5.2"
#define PACKAGE_STRING "sipXportLib 0.0.4.5.2"
#define PACKAGE_BUGREPORT "sipx-dev@list.sipfoundry.org"
#define PACKAGE_URL ""
#define PACKAGE "sipxportlib"
#define VERSION "0.0.4.5.2"
#define STDC_HEADERS 1
#define HAVE_SYS_TYPES_H 1
#define HAVE_SYS_STAT_H 1
#define HAVE_STDLIB_H 1
#define HAVE_STRING_H 1
#define HAVE_MEMORY_H 1
#define HAVE_STRINGS_H 1
#define HAVE_INTTYPES_H 1
#define HAVE_STDINT_H 1
#define HAVE_UNISTD_H 1
#define HAVE_DLFCN_H 1
#define LT_OBJDIR ".libs/"
#define LT_MODULE_EXT ".so"
#define PACKAGE_REVISION "119.g5c90"
#define HAVE_SETENV 1

configure: exit 0
